2024-11-19 09:12:18 INFO  [restartedMain] c.e.demo.Project3copy2Application - Starting Project3copy2Application using Java 21.0.4 with PID 10692 (C:\Users\super\Downloads\project3copy2\target\classes started by super in C:\Users\super\Downloads\project3copy2)
2024-11-19 09:12:18 INFO  [restartedMain] c.e.demo.Project3copy2Application - No active profile set, falling back to 1 default profile: "default"
2024-11-19 09:12:18 INFO  [restartedMain] o.s.b.d.restart.ChangeableUrls - The Class-Path manifest attribute in C:\Users\super\Downloads\ojdbc8.jar referenced one or more files that do not exist: file:/C:/Users/super/Downloads/oraclepki.jar
2024-11-19 09:12:18 INFO  [restartedMain] o.s.b.d.restart.ChangeableUrls - The Class-Path manifest attribute in C:\Users\super\.m2\repository\com\oracle\database\jdbc\ojdbc8\21.9.0.0\ojdbc8-21.9.0.0.jar referenced one or more files that do not exist: file:/C:/Users/super/.m2/repository/com/oracle/database/jdbc/ojdbc8/21.9.0.0/oraclepki.jar
2024-11-19 09:12:18 INFO  [restartedMain] o.s.b.d.e.DevToolsPropertyDefaultsPostProcessor - Devtools property defaults active! Set 'spring.devtools.add-properties' to 'false' to disable
2024-11-19 09:12:18 INFO  [restartedMain] o.s.b.d.e.DevToolsPropertyDefaultsPostProcessor - For additional web related logging consider setting the 'logging.level.web' property to 'DEBUG'
2024-11-19 09:12:22 INFO  [restartedMain] o.s.d.r.c.RepositoryConfigurationDelegate - Bootstrapping Spring Data JPA repositories in DEFAULT mode.
2024-11-19 09:12:22 INFO  [restartedMain] o.s.d.r.c.RepositoryConfigurationDelegate - Finished Spring Data repository scanning in 49 ms. Found 0 JPA repository interfaces.
2024-11-19 09:12:23 INFO  [restartedMain] o.s.cloud.context.scope.GenericScope - BeanFactory id=c9ee3e81-bdd7-3e07-a4ac-d43a2d4302d2
2024-11-19 09:12:24 WARN  [restartedMain] o.s.c.s.PostProcessorRegistrationDelegate$BeanPostProcessorChecker - Bean 'org.springframework.cloud.client.loadbalancer.LoadBalancerAutoConfiguration$DeferringLoadBalancerInterceptorConfig' of type [org.springframework.cloud.client.loadbalancer.LoadBalancerAutoConfiguration$DeferringLoadBalancerInterceptorConfig] is not eligible for getting processed by all BeanPostProcessors (for example: not eligible for auto-proxying). The currently created BeanPostProcessor [lbRestClientPostProcessor] is declared through a non-static factory method on that class; consider declaring it as static instead.
2024-11-19 09:12:24 WARN  [restartedMain] o.s.c.s.PostProcessorRegistrationDelegate$BeanPostProcessorChecker - Bean 'deferringLoadBalancerInterceptor' of type [org.springframework.cloud.client.loadbalancer.DeferringLoadBalancerInterceptor] is not eligible for getting processed by all BeanPostProcessors (for example: not eligible for auto-proxying). Is this bean getting eagerly injected into a currently created BeanPostProcessor [lbRestClientPostProcessor]? Check the corresponding BeanPostProcessor declaration and its dependencies.
2024-11-19 09:12:24 WARN  [restartedMain] o.s.c.s.PostProcessorRegistrationDelegate$BeanPostProcessorChecker - Bean 'org.springframework.cloud.client.loadbalancer.reactive.LoadBalancerBeanPostProcessorAutoConfiguration' of type [org.springframework.cloud.client.loadbalancer.reactive.LoadBalancerBeanPostProcessorAutoConfiguration] is not eligible for getting processed by all BeanPostProcessors (for example: not eligible for auto-proxying). The currently created BeanPostProcessor [loadBalancerWebClientBuilderBeanPostProcessor] is declared through a non-static factory method on that class; consider declaring it as static instead.
2024-11-19 09:12:24 WARN  [restartedMain] o.s.c.s.PostProcessorRegistrationDelegate$BeanPostProcessorChecker - Bean 'org.springframework.cloud.client.loadbalancer.reactive.LoadBalancerBeanPostProcessorAutoConfiguration$ReactorDeferringLoadBalancerFilterConfig' of type [org.springframework.cloud.client.loadbalancer.reactive.LoadBalancerBeanPostProcessorAutoConfiguration$ReactorDeferringLoadBalancerFilterConfig] is not eligible for getting processed by all BeanPostProcessors (for example: not eligible for auto-proxying). Is this bean getting eagerly injected into a currently created BeanPostProcessor [loadBalancerWebClientBuilderBeanPostProcessor]? Check the corresponding BeanPostProcessor declaration and its dependencies.
2024-11-19 09:12:24 WARN  [restartedMain] o.s.c.s.PostProcessorRegistrationDelegate$BeanPostProcessorChecker - Bean 'reactorDeferringLoadBalancerExchangeFilterFunction' of type [org.springframework.cloud.client.loadbalancer.reactive.DeferringLoadBalancerExchangeFilterFunction] is not eligible for getting processed by all BeanPostProcessors (for example: not eligible for auto-proxying). Is this bean getting eagerly injected into a currently created BeanPostProcessor [loadBalancerWebClientBuilderBeanPostProcessor]? Check the corresponding BeanPostProcessor declaration and its dependencies.
2024-11-19 09:12:26 INFO  [restartedMain] o.s.b.w.e.tomcat.TomcatWebServer - Tomcat initialized with ports 8444 (https), 8089 (http)
2024-11-19 09:12:26 INFO  [restartedMain] o.a.coyote.http11.Http11NioProtocol - Initializing ProtocolHandler ["https-jsse-nio-8444"]
2024-11-19 09:12:26 INFO  [restartedMain] o.a.coyote.http11.Http11NioProtocol - Initializing ProtocolHandler ["http-nio-8089"]
2024-11-19 09:12:26 INFO  [restartedMain] o.a.catalina.core.StandardService - Starting service [Tomcat]
2024-11-19 09:12:26 INFO  [restartedMain] o.a.catalina.core.StandardEngine - Starting Servlet engine: [Apache Tomcat/10.1.30]
2024-11-19 09:12:28 INFO  [restartedMain] o.apache.jasper.servlet.TldScanner - At least one JAR was scanned for TLDs yet contained no TLDs. Enable debug logging for this logger for a complete list of JARs that were scanned but no TLDs were found in them. Skipping unneeded JARs during scanning can improve startup time and JSP compilation time.
2024-11-19 09:12:28 INFO  [restartedMain] o.a.c.c.C.[Tomcat].[localhost].[/] - Initializing Spring embedded WebApplicationContext
2024-11-19 09:12:28 INFO  [restartedMain] o.s.b.w.s.c.ServletWebServerApplicationContext - Root WebApplicationContext: initialization completed in 9587 ms
2024-11-19 09:12:28 INFO  [restartedMain] com.zaxxer.hikari.HikariDataSource - HikariPool-1 - Starting...
2024-11-19 09:12:28 WARN  [restartedMain] c.z.hikari.util.DriverDataSource - Registered driver with driverClassName=oracle.jdbc.driver.OracleDriver was not found, trying direct instantiation.
2024-11-19 09:12:30 INFO  [restartedMain] com.zaxxer.hikari.pool.HikariPool - HikariPool-1 - Added connection oracle.jdbc.driver.T4CConnection@400cd30e
2024-11-19 09:12:30 INFO  [restartedMain] com.zaxxer.hikari.HikariDataSource - HikariPool-1 - Start completed.
2024-11-19 09:12:30 INFO  [restartedMain] o.h.jpa.internal.util.LogHelper - HHH000204: Processing PersistenceUnitInfo [name: default]
2024-11-19 09:12:31 INFO  [restartedMain] org.hibernate.Version - HHH000412: Hibernate ORM core version 6.5.3.Final
2024-11-19 09:12:31 INFO  [restartedMain] o.h.c.i.RegionFactoryInitiator - HHH000026: Second-level cache disabled
2024-11-19 09:12:32 INFO  [restartedMain] o.s.o.j.p.SpringPersistenceUnitInfo - No LoadTimeWeaver setup: ignoring JPA class transformer
2024-11-19 09:12:33 WARN  [restartedMain] org.hibernate.dialect.Dialect - HHH000511: The 18.0.0 version for [org.hibernate.dialect.OracleDialect] is no longer supported, hence certain features may not work properly. The minimum supported version is 19.0.0. Check the community dialects project for available legacy versions.
2024-11-19 09:12:36 INFO  [restartedMain] o.h.e.t.j.p.i.JtaPlatformInitiator - HHH000489: No JTA platform available (set 'hibernate.transaction.jta.platform' to enable JTA platform integration)
2024-11-19 09:12:36 INFO  [restartedMain] o.s.o.j.LocalContainerEntityManagerFactoryBean - Initialized JPA EntityManagerFactory for persistence unit 'default'
2024-11-19 09:12:38 WARN  [restartedMain] o.s.b.a.o.j.JpaBaseConfiguration$JpaWebConfiguration - spring.jpa.open-in-view is enabled by default. Therefore, database queries may be performed during view rendering. Explicitly configure spring.jpa.open-in-view to disable this warning
2024-11-19 09:12:40 INFO  [restartedMain] o.s.b.d.a.OptionalLiveReloadServer - LiveReload server is running on port 35729
2024-11-19 09:12:40 INFO  [restartedMain] o.s.c.n.e.c.DiscoveryClientOptionalArgsConfiguration - Eureka HTTP Client uses RestTemplate.
2024-11-19 09:12:41 WARN  [restartedMain] o.s.c.l.c.LoadBalancerCacheAutoConfiguration$LoadBalancerCaffeineWarnLogger - Spring Cloud LoadBalancer is currently working with the default cache. While this cache implementation is useful for development and tests, it's recommended to use Caffeine cache in production.You can switch to using Caffeine cache, by adding it and org.springframework.cache.caffeine.CaffeineCacheManager to the classpath.
2024-11-19 09:12:41 INFO  [restartedMain] o.s.c.n.eureka.InstanceInfoFactory - Setting initial instance status as: STARTING
2024-11-19 09:12:41 INFO  [restartedMain] c.netflix.discovery.DiscoveryClient - Initializing Eureka in region us-east-1
2024-11-19 09:12:41 INFO  [restartedMain] c.n.d.s.r.aws.ConfigClusterResolver - Resolving eureka endpoints via configuration
2024-11-19 09:12:41 INFO  [restartedMain] c.netflix.discovery.DiscoveryClient - Disable delta property : false
2024-11-19 09:12:41 INFO  [restartedMain] c.netflix.discovery.DiscoveryClient - Single vip registry refresh property : null
2024-11-19 09:12:41 INFO  [restartedMain] c.netflix.discovery.DiscoveryClient - Force full registry fetch : false
2024-11-19 09:12:41 INFO  [restartedMain] c.netflix.discovery.DiscoveryClient - Application is null : false
2024-11-19 09:12:41 INFO  [restartedMain] c.netflix.discovery.DiscoveryClient - Registered Applications size is zero : true
2024-11-19 09:12:41 INFO  [restartedMain] c.netflix.discovery.DiscoveryClient - Application version is -1: true
2024-11-19 09:12:41 INFO  [restartedMain] c.netflix.discovery.DiscoveryClient - Getting all instance registry info from the eureka server
2024-11-19 09:12:45 INFO  [restartedMain] c.netflix.discovery.DiscoveryClient - The response status is 200
2024-11-19 09:12:45 INFO  [restartedMain] c.netflix.discovery.DiscoveryClient - Starting heartbeat executor: renew interval is: 30
2024-11-19 09:12:45 INFO  [restartedMain] c.n.discovery.InstanceInfoReplicator - InstanceInfoReplicator onDemand update allowed rate per min is 4
2024-11-19 09:12:45 INFO  [restartedMain] c.netflix.discovery.DiscoveryClient - Discovery Client initialized at timestamp 1731975165931 with initial instances count: 0
2024-11-19 09:12:45 INFO  [restartedMain] o.s.c.n.e.s.EurekaServiceRegistry - Registering application HOTEL_MAIN with eureka with status UP
2024-11-19 09:12:45 INFO  [restartedMain] c.netflix.discovery.DiscoveryClient - Saw local status change event StatusChangeEvent [timestamp=1731975165956, current=UP, previous=STARTING]
2024-11-19 09:12:45 INFO  [restartedMain] o.a.coyote.http11.Http11NioProtocol - Starting ProtocolHandler ["https-jsse-nio-8444"]
2024-11-19 09:12:45 INFO  [DiscoveryClient-InstanceInfoReplicator-%d] c.netflix.discovery.DiscoveryClient - DiscoveryClient_HOTEL_MAIN/LAPTOP-GTKPAQMM:hotel_main:8444: registering service...
2024-11-19 09:12:46 INFO  [restartedMain] o.a.t.u.net.NioEndpoint.certificate - Connector [https-jsse-nio-8444], TLS virtual host [_default_], certificate type [UNDEFINED] configured from keystore [C:\Users\super\.keystore] using alias [mylocalcert] with trust store [null]
2024-11-19 09:12:46 INFO  [DiscoveryClient-InstanceInfoReplicator-%d] c.netflix.discovery.DiscoveryClient - DiscoveryClient_HOTEL_MAIN/LAPTOP-GTKPAQMM:hotel_main:8444 - registration status: 204
2024-11-19 09:12:46 INFO  [restartedMain] o.a.coyote.http11.Http11NioProtocol - Starting ProtocolHandler ["http-nio-8089"]
2024-11-19 09:12:46 INFO  [restartedMain] o.s.b.w.e.tomcat.TomcatWebServer - Tomcat started on ports 8444 (https), 8089 (http) with context path '/'
2024-11-19 09:12:46 INFO  [restartedMain] o.s.c.n.e.s.EurekaAutoServiceRegistration - Updating port to 8444
2024-11-19 09:12:46 INFO  [restartedMain] c.e.demo.Project3copy2Application - Started Project3copy2Application in 30.734 seconds (process running for 35.957)
2024-11-19 09:13:15 INFO  [DiscoveryClient-CacheRefreshExecutor-%d] c.netflix.discovery.DiscoveryClient - Disable delta property : false
2024-11-19 09:13:15 INFO  [DiscoveryClient-CacheRefreshExecutor-%d] c.netflix.discovery.DiscoveryClient - Single vip registry refresh property : null
2024-11-19 09:13:15 INFO  [DiscoveryClient-CacheRefreshExecutor-%d] c.netflix.discovery.DiscoveryClient - Force full registry fetch : false
2024-11-19 09:13:15 INFO  [DiscoveryClient-CacheRefreshExecutor-%d] c.netflix.discovery.DiscoveryClient - Application is null : false
2024-11-19 09:13:15 INFO  [DiscoveryClient-CacheRefreshExecutor-%d] c.netflix.discovery.DiscoveryClient - Registered Applications size is zero : true
2024-11-19 09:13:15 INFO  [DiscoveryClient-CacheRefreshExecutor-%d] c.netflix.discovery.DiscoveryClient - Application version is -1: false
2024-11-19 09:13:15 INFO  [DiscoveryClient-CacheRefreshExecutor-%d] c.netflix.discovery.DiscoveryClient - Getting all instance registry info from the eureka server
2024-11-19 09:13:16 INFO  [DiscoveryClient-CacheRefreshExecutor-%d] c.netflix.discovery.DiscoveryClient - The response status is 200
2024-11-19 09:17:41 INFO  [AsyncResolver-bootstrap-executor-%d] c.n.d.s.r.aws.ConfigClusterResolver - Resolving eureka endpoints via configuration
2024-11-19 09:17:45 INFO  [https-jsse-nio-8444-exec-10] o.a.c.c.C.[Tomcat].[localhost].[/] - Initializing Spring DispatcherServlet 'dispatcherServlet'
2024-11-19 09:17:45 INFO  [https-jsse-nio-8444-exec-10] o.s.web.servlet.DispatcherServlet - Initializing Servlet 'dispatcherServlet'
2024-11-19 09:17:46 INFO  [https-jsse-nio-8444-exec-10] o.s.web.servlet.DispatcherServlet - Completed initialization in 248 ms
2024-11-19 09:18:17 WARN  [https-jsse-nio-8444-exec-3] o.s.w.s.m.m.a.ExceptionHandlerExceptionResolver - Resolved [org.springframework.web.servlet.resource.NoResourceFoundException: No static resource image/%EB%A9%94%EC%9D%B8%EB%A1%9C%EA%B3%A0.png.]
2024-11-19 09:18:31 WARN  [https-jsse-nio-8444-exec-8] o.s.w.s.m.m.a.ExceptionHandlerExceptionResolver - Resolved [org.springframework.web.servlet.resource.NoResourceFoundException: No static resource image/%EB%A9%94%EC%9D%B8%EB%A1%9C%EA%B3%A0.png.]
2024-11-19 09:20:51 WARN  [https-jsse-nio-8444-exec-1] o.s.w.s.m.m.a.ExceptionHandlerExceptionResolver - Resolved [org.springframework.web.servlet.resource.NoResourceFoundException: No static resource image/%EB%A9%94%EC%9D%B8%EB%A1%9C%EA%B3%A0.png.]
2024-11-19 09:22:41 INFO  [AsyncResolver-bootstrap-executor-%d] c.n.d.s.r.aws.ConfigClusterResolver - Resolving eureka endpoints via configuration
2024-11-19 09:27:41 INFO  [AsyncResolver-bootstrap-executor-%d] c.n.d.s.r.aws.ConfigClusterResolver - Resolving eureka endpoints via configuration
2024-11-19 09:32:41 INFO  [AsyncResolver-bootstrap-executor-%d] c.n.d.s.r.aws.ConfigClusterResolver - Resolving eureka endpoints via configuration
2024-11-19 09:36:30 WARN  [https-jsse-nio-8444-exec-2] o.s.w.s.m.m.a.ExceptionHandlerExceptionResolver - Resolved [org.springframework.web.servlet.resource.NoResourceFoundException: No static resource image/%EB%A9%94%EC%9D%B8%EB%A1%9C%EA%B3%A0.png.]
2024-11-19 09:37:42 INFO  [AsyncResolver-bootstrap-executor-%d] c.n.d.s.r.aws.ConfigClusterResolver - Resolving eureka endpoints via configuration
2024-11-19 09:38:15 WARN  [https-jsse-nio-8444-exec-8] o.s.w.s.m.m.a.ExceptionHandlerExceptionResolver - Resolved [org.springframework.web.servlet.resource.NoResourceFoundException: No static resource image/%EB%A9%94%EC%9D%B8%EB%A1%9C%EA%B3%A0.png.]
2024-11-19 09:42:42 INFO  [AsyncResolver-bootstrap-executor-%d] c.n.d.s.r.aws.ConfigClusterResolver - Resolving eureka endpoints via configuration
2024-11-19 09:43:48 INFO  [RMI TCP Connection(47)-127.0.0.1] o.s.b.a.SpringApplicationAdminMXBeanRegistrar$SpringApplicationAdmin - Application shutdown requested.
2024-11-19 09:43:48 INFO  [RMI TCP Connection(47)-127.0.0.1] o.s.c.n.e.s.EurekaServiceRegistry - Unregistering application HOTEL_MAIN with eureka with status DOWN
2024-11-19 09:43:48 INFO  [RMI TCP Connection(47)-127.0.0.1] c.netflix.discovery.DiscoveryClient - Saw local status change event StatusChangeEvent [timestamp=1731977028481, current=DOWN, previous=UP]
2024-11-19 09:43:48 INFO  [DiscoveryClient-InstanceInfoReplicator-%d] c.netflix.discovery.DiscoveryClient - DiscoveryClient_HOTEL_MAIN/LAPTOP-GTKPAQMM:hotel_main:8444: registering service...
2024-11-19 09:43:48 INFO  [DiscoveryClient-InstanceInfoReplicator-%d] c.netflix.discovery.DiscoveryClient - DiscoveryClient_HOTEL_MAIN/LAPTOP-GTKPAQMM:hotel_main:8444 - registration status: 204
2024-11-19 09:43:49 INFO  [RMI TCP Connection(47)-127.0.0.1] o.a.coyote.http11.Http11NioProtocol - Stopping ProtocolHandler ["https-jsse-nio-8444"]
2024-11-19 09:43:49 INFO  [RMI TCP Connection(47)-127.0.0.1] o.a.coyote.http11.Http11NioProtocol - Stopping ProtocolHandler ["http-nio-8089"]
2024-11-19 09:43:51 INFO  [DiscoveryClient-HeartbeatExecutor-%d] c.netflix.discovery.DiscoveryClient - DiscoveryClient_HOTEL_MAIN/LAPTOP-GTKPAQMM:hotel_main:8444 - Re-registering apps/HOTEL_MAIN
2024-11-19 09:43:51 INFO  [DiscoveryClient-HeartbeatExecutor-%d] c.netflix.discovery.DiscoveryClient - DiscoveryClient_HOTEL_MAIN/LAPTOP-GTKPAQMM:hotel_main:8444: registering service...
2024-11-19 09:43:51 INFO  [DiscoveryClient-HeartbeatExecutor-%d] c.netflix.discovery.DiscoveryClient - DiscoveryClient_HOTEL_MAIN/LAPTOP-GTKPAQMM:hotel_main:8444 - registration status: 204
2024-11-19 09:43:52 INFO  [RMI TCP Connection(47)-127.0.0.1] o.s.o.j.LocalContainerEntityManagerFactoryBean - Closing JPA EntityManagerFactory for persistence unit 'default'
2024-11-19 09:43:52 INFO  [RMI TCP Connection(47)-127.0.0.1] com.zaxxer.hikari.HikariDataSource - HikariPool-1 - Shutdown initiated...
2024-11-19 09:43:52 INFO  [RMI TCP Connection(47)-127.0.0.1] com.zaxxer.hikari.HikariDataSource - HikariPool-1 - Shutdown completed.
2024-11-19 09:43:52 INFO  [RMI TCP Connection(47)-127.0.0.1] c.netflix.discovery.DiscoveryClient - Shutting down DiscoveryClient ...
2024-11-19 09:43:55 INFO  [RMI TCP Connection(47)-127.0.0.1] c.netflix.discovery.DiscoveryClient - Unregistering ...
2024-11-19 09:43:55 INFO  [RMI TCP Connection(47)-127.0.0.1] c.netflix.discovery.DiscoveryClient - DiscoveryClient_HOTEL_MAIN/LAPTOP-GTKPAQMM:hotel_main:8444 - deregister  status: 200
2024-11-19 09:43:55 INFO  [RMI TCP Connection(47)-127.0.0.1] c.netflix.discovery.DiscoveryClient - Completed shut down of DiscoveryClient
2024-11-19 17:47:33 INFO  [restartedMain] c.e.demo.Project3copy2Application - Starting Project3copy2Application using Java 21.0.4 with PID 20636 (C:\Users\user\Downloads\last-project3-master\project3copy2\target\classes started by user in C:\Users\user\Downloads\last-project3-master\project3copy2)
2024-11-19 17:47:33 INFO  [restartedMain] c.e.demo.Project3copy2Application - No active profile set, falling back to 1 default profile: "default"
2024-11-19 17:47:33 INFO  [restartedMain] o.s.b.d.restart.ChangeableUrls - The Class-Path manifest attribute in C:\Users\user\.m2\repository\com\oracle\database\jdbc\ojdbc8\21.9.0.0\ojdbc8-21.9.0.0.jar referenced one or more files that do not exist: file:/C:/Users/user/.m2/repository/com/oracle/database/jdbc/ojdbc8/21.9.0.0/oraclepki.jar
2024-11-19 17:47:33 INFO  [restartedMain] o.s.b.d.e.DevToolsPropertyDefaultsPostProcessor - Devtools property defaults active! Set 'spring.devtools.add-properties' to 'false' to disable
2024-11-19 17:47:33 INFO  [restartedMain] o.s.b.d.e.DevToolsPropertyDefaultsPostProcessor - For additional web related logging consider setting the 'logging.level.web' property to 'DEBUG'
2024-11-19 17:47:34 INFO  [restartedMain] o.s.d.r.c.RepositoryConfigurationDelegate - Bootstrapping Spring Data JPA repositories in DEFAULT mode.
2024-11-19 17:47:34 INFO  [restartedMain] o.s.d.r.c.RepositoryConfigurationDelegate - Finished Spring Data repository scanning in 21 ms. Found 0 JPA repository interfaces.
2024-11-19 17:47:34 INFO  [restartedMain] o.s.cloud.context.scope.GenericScope - BeanFactory id=b64e3475-7080-3ff8-b9c6-9fc50e95ab57
2024-11-19 17:47:34 WARN  [restartedMain] o.s.c.s.PostProcessorRegistrationDelegate$BeanPostProcessorChecker - Bean 'org.springframework.cloud.client.loadbalancer.LoadBalancerAutoConfiguration$DeferringLoadBalancerInterceptorConfig' of type [org.springframework.cloud.client.loadbalancer.LoadBalancerAutoConfiguration$DeferringLoadBalancerInterceptorConfig] is not eligible for getting processed by all BeanPostProcessors (for example: not eligible for auto-proxying). The currently created BeanPostProcessor [lbRestClientPostProcessor] is declared through a non-static factory method on that class; consider declaring it as static instead.
2024-11-19 17:47:34 WARN  [restartedMain] o.s.c.s.PostProcessorRegistrationDelegate$BeanPostProcessorChecker - Bean 'deferringLoadBalancerInterceptor' of type [org.springframework.cloud.client.loadbalancer.DeferringLoadBalancerInterceptor] is not eligible for getting processed by all BeanPostProcessors (for example: not eligible for auto-proxying). Is this bean getting eagerly injected into a currently created BeanPostProcessor [lbRestClientPostProcessor]? Check the corresponding BeanPostProcessor declaration and its dependencies.
2024-11-19 17:47:34 WARN  [restartedMain] o.s.c.s.PostProcessorRegistrationDelegate$BeanPostProcessorChecker - Bean 'org.springframework.cloud.client.loadbalancer.reactive.LoadBalancerBeanPostProcessorAutoConfiguration' of type [org.springframework.cloud.client.loadbalancer.reactive.LoadBalancerBeanPostProcessorAutoConfiguration] is not eligible for getting processed by all BeanPostProcessors (for example: not eligible for auto-proxying). The currently created BeanPostProcessor [loadBalancerWebClientBuilderBeanPostProcessor] is declared through a non-static factory method on that class; consider declaring it as static instead.
2024-11-19 17:47:34 WARN  [restartedMain] o.s.c.s.PostProcessorRegistrationDelegate$BeanPostProcessorChecker - Bean 'org.springframework.cloud.client.loadbalancer.reactive.LoadBalancerBeanPostProcessorAutoConfiguration$ReactorDeferringLoadBalancerFilterConfig' of type [org.springframework.cloud.client.loadbalancer.reactive.LoadBalancerBeanPostProcessorAutoConfiguration$ReactorDeferringLoadBalancerFilterConfig] is not eligible for getting processed by all BeanPostProcessors (for example: not eligible for auto-proxying). Is this bean getting eagerly injected into a currently created BeanPostProcessor [loadBalancerWebClientBuilderBeanPostProcessor]? Check the corresponding BeanPostProcessor declaration and its dependencies.
2024-11-19 17:47:34 WARN  [restartedMain] o.s.c.s.PostProcessorRegistrationDelegate$BeanPostProcessorChecker - Bean 'reactorDeferringLoadBalancerExchangeFilterFunction' of type [org.springframework.cloud.client.loadbalancer.reactive.DeferringLoadBalancerExchangeFilterFunction] is not eligible for getting processed by all BeanPostProcessors (for example: not eligible for auto-proxying). Is this bean getting eagerly injected into a currently created BeanPostProcessor [loadBalancerWebClientBuilderBeanPostProcessor]? Check the corresponding BeanPostProcessor declaration and its dependencies.
2024-11-19 17:47:35 INFO  [restartedMain] o.s.b.w.e.tomcat.TomcatWebServer - Tomcat initialized with ports 8444 (https), 8089 (http)
2024-11-19 17:47:35 INFO  [restartedMain] o.a.coyote.http11.Http11NioProtocol - Initializing ProtocolHandler ["https-jsse-nio-8444"]
2024-11-19 17:47:35 INFO  [restartedMain] o.a.coyote.http11.Http11NioProtocol - Initializing ProtocolHandler ["http-nio-8089"]
2024-11-19 17:47:35 INFO  [restartedMain] o.a.catalina.core.StandardService - Starting service [Tomcat]
2024-11-19 17:47:35 INFO  [restartedMain] o.a.catalina.core.StandardEngine - Starting Servlet engine: [Apache Tomcat/10.1.30]
2024-11-19 17:47:35 INFO  [restartedMain] o.apache.jasper.servlet.TldScanner - At least one JAR was scanned for TLDs yet contained no TLDs. Enable debug logging for this logger for a complete list of JARs that were scanned but no TLDs were found in them. Skipping unneeded JARs during scanning can improve startup time and JSP compilation time.
2024-11-19 17:47:35 INFO  [restartedMain] o.a.c.c.C.[Tomcat].[localhost].[/] - Initializing Spring embedded WebApplicationContext
2024-11-19 17:47:35 INFO  [restartedMain] o.s.b.w.s.c.ServletWebServerApplicationContext - Root WebApplicationContext: initialization completed in 2493 ms
2024-11-19 17:47:35 INFO  [restartedMain] com.zaxxer.hikari.HikariDataSource - HikariPool-1 - Starting...
2024-11-19 17:47:35 WARN  [restartedMain] c.z.hikari.util.DriverDataSource - Registered driver with driverClassName=oracle.jdbc.driver.OracleDriver was not found, trying direct instantiation.
2024-11-19 17:47:36 INFO  [restartedMain] com.zaxxer.hikari.pool.HikariPool - HikariPool-1 - Added connection oracle.jdbc.driver.T4CConnection@19252579
2024-11-19 17:47:36 INFO  [restartedMain] com.zaxxer.hikari.HikariDataSource - HikariPool-1 - Start completed.
2024-11-19 17:47:36 INFO  [restartedMain] o.h.jpa.internal.util.LogHelper - HHH000204: Processing PersistenceUnitInfo [name: default]
2024-11-19 17:47:36 INFO  [restartedMain] org.hibernate.Version - HHH000412: Hibernate ORM core version 6.5.3.Final
2024-11-19 17:47:36 INFO  [restartedMain] o.h.c.i.RegionFactoryInitiator - HHH000026: Second-level cache disabled
2024-11-19 17:47:37 INFO  [restartedMain] o.s.o.j.p.SpringPersistenceUnitInfo - No LoadTimeWeaver setup: ignoring JPA class transformer
2024-11-19 17:47:37 WARN  [restartedMain] org.hibernate.dialect.Dialect - HHH000511: The 18.0.0 version for [org.hibernate.dialect.OracleDialect] is no longer supported, hence certain features may not work properly. The minimum supported version is 19.0.0. Check the community dialects project for available legacy versions.
2024-11-19 17:47:37 INFO  [restartedMain] o.h.e.t.j.p.i.JtaPlatformInitiator - HHH000489: No JTA platform available (set 'hibernate.transaction.jta.platform' to enable JTA platform integration)
2024-11-19 17:47:37 INFO  [restartedMain] o.s.o.j.LocalContainerEntityManagerFactoryBean - Initialized JPA EntityManagerFactory for persistence unit 'default'
2024-11-19 17:47:38 WARN  [restartedMain] o.s.b.a.o.j.JpaBaseConfiguration$JpaWebConfiguration - spring.jpa.open-in-view is enabled by default. Therefore, database queries may be performed during view rendering. Explicitly configure spring.jpa.open-in-view to disable this warning
2024-11-19 17:47:39 INFO  [restartedMain] o.s.b.d.a.OptionalLiveReloadServer - LiveReload server is running on port 35729
2024-11-19 17:47:39 INFO  [restartedMain] o.s.c.n.e.c.DiscoveryClientOptionalArgsConfiguration - Eureka HTTP Client uses RestTemplate.
2024-11-19 17:47:39 WARN  [restartedMain] o.s.c.l.c.LoadBalancerCacheAutoConfiguration$LoadBalancerCaffeineWarnLogger - Spring Cloud LoadBalancer is currently working with the default cache. While this cache implementation is useful for development and tests, it's recommended to use Caffeine cache in production.You can switch to using Caffeine cache, by adding it and org.springframework.cache.caffeine.CaffeineCacheManager to the classpath.
2024-11-19 17:47:39 INFO  [restartedMain] o.s.c.n.eureka.InstanceInfoFactory - Setting initial instance status as: STARTING
2024-11-19 17:47:39 INFO  [restartedMain] c.netflix.discovery.DiscoveryClient - Initializing Eureka in region us-east-1
2024-11-19 17:47:39 INFO  [restartedMain] c.n.d.s.r.aws.ConfigClusterResolver - Resolving eureka endpoints via configuration
2024-11-19 17:47:39 INFO  [restartedMain] c.netflix.discovery.DiscoveryClient - Disable delta property : false
2024-11-19 17:47:39 INFO  [restartedMain] c.netflix.discovery.DiscoveryClient - Single vip registry refresh property : null
2024-11-19 17:47:39 INFO  [restartedMain] c.netflix.discovery.DiscoveryClient - Force full registry fetch : false
2024-11-19 17:47:39 INFO  [restartedMain] c.netflix.discovery.DiscoveryClient - Application is null : false
2024-11-19 17:47:39 INFO  [restartedMain] c.netflix.discovery.DiscoveryClient - Registered Applications size is zero : true
2024-11-19 17:47:39 INFO  [restartedMain] c.netflix.discovery.DiscoveryClient - Application version is -1: true
2024-11-19 17:47:39 INFO  [restartedMain] c.netflix.discovery.DiscoveryClient - Getting all instance registry info from the eureka server
2024-11-19 17:47:40 INFO  [restartedMain] c.netflix.discovery.DiscoveryClient - The response status is 200
2024-11-19 17:47:40 INFO  [restartedMain] c.netflix.discovery.DiscoveryClient - Starting heartbeat executor: renew interval is: 30
2024-11-19 17:47:40 INFO  [restartedMain] c.n.discovery.InstanceInfoReplicator - InstanceInfoReplicator onDemand update allowed rate per min is 4
2024-11-19 17:47:40 INFO  [restartedMain] c.netflix.discovery.DiscoveryClient - Discovery Client initialized at timestamp 1732006060085 with initial instances count: 0
2024-11-19 17:47:40 INFO  [restartedMain] o.s.c.n.e.s.EurekaServiceRegistry - Registering application HOTEL_MAIN with eureka with status UP
2024-11-19 17:47:40 INFO  [restartedMain] c.netflix.discovery.DiscoveryClient - Saw local status change event StatusChangeEvent [timestamp=1732006060098, current=UP, previous=STARTING]
2024-11-19 17:47:40 INFO  [restartedMain] o.a.coyote.http11.Http11NioProtocol - Starting ProtocolHandler ["https-jsse-nio-8444"]
2024-11-19 17:47:40 INFO  [DiscoveryClient-InstanceInfoReplicator-%d] c.netflix.discovery.DiscoveryClient - DiscoveryClient_HOTEL_MAIN/DESKTOP-1NHIHPT:hotel_main:8444: registering service...
2024-11-19 17:47:40 INFO  [DiscoveryClient-InstanceInfoReplicator-%d] c.netflix.discovery.DiscoveryClient - DiscoveryClient_HOTEL_MAIN/DESKTOP-1NHIHPT:hotel_main:8444 - registration status: 204
2024-11-19 17:47:40 INFO  [restartedMain] o.a.t.u.net.NioEndpoint.certificate - Connector [https-jsse-nio-8444], TLS virtual host [_default_], certificate type [UNDEFINED] configured from keystore [C:\Users\user\.keystore] using alias [mylocalcert] with trust store [null]
2024-11-19 17:47:40 INFO  [restartedMain] o.a.coyote.http11.Http11NioProtocol - Starting ProtocolHandler ["http-nio-8089"]
2024-11-19 17:47:40 INFO  [restartedMain] o.s.b.w.e.tomcat.TomcatWebServer - Tomcat started on ports 8444 (https), 8089 (http) with context path '/'
2024-11-19 17:47:40 INFO  [restartedMain] o.s.c.n.e.s.EurekaAutoServiceRegistration - Updating port to 8444
2024-11-19 17:47:40 INFO  [restartedMain] c.e.demo.Project3copy2Application - Started Project3copy2Application in 7.931 seconds (process running for 9.197)
2024-11-19 17:48:10 INFO  [DiscoveryClient-CacheRefreshExecutor-%d] c.netflix.discovery.DiscoveryClient - Disable delta property : false
2024-11-19 17:48:10 INFO  [DiscoveryClient-CacheRefreshExecutor-%d] c.netflix.discovery.DiscoveryClient - Single vip registry refresh property : null
2024-11-19 17:48:10 INFO  [DiscoveryClient-CacheRefreshExecutor-%d] c.netflix.discovery.DiscoveryClient - Force full registry fetch : false
2024-11-19 17:48:10 INFO  [DiscoveryClient-CacheRefreshExecutor-%d] c.netflix.discovery.DiscoveryClient - Application is null : false
2024-11-19 17:48:10 INFO  [DiscoveryClient-CacheRefreshExecutor-%d] c.netflix.discovery.DiscoveryClient - Registered Applications size is zero : true
2024-11-19 17:48:10 INFO  [DiscoveryClient-CacheRefreshExecutor-%d] c.netflix.discovery.DiscoveryClient - Application version is -1: false
2024-11-19 17:48:10 INFO  [DiscoveryClient-CacheRefreshExecutor-%d] c.netflix.discovery.DiscoveryClient - Getting all instance registry info from the eureka server
2024-11-19 17:48:10 INFO  [DiscoveryClient-CacheRefreshExecutor-%d] c.netflix.discovery.DiscoveryClient - The response status is 200
2024-11-19 17:49:14 INFO  [RMI TCP Connection(11)-127.0.0.1] o.s.b.a.SpringApplicationAdminMXBeanRegistrar$SpringApplicationAdmin - Application shutdown requested.
2024-11-19 17:49:14 INFO  [RMI TCP Connection(11)-127.0.0.1] o.s.c.n.e.s.EurekaServiceRegistry - Unregistering application HOTEL_MAIN with eureka with status DOWN
2024-11-19 17:49:14 INFO  [RMI TCP Connection(11)-127.0.0.1] c.netflix.discovery.DiscoveryClient - Saw local status change event StatusChangeEvent [timestamp=1732006154862, current=DOWN, previous=UP]
2024-11-19 17:49:14 INFO  [DiscoveryClient-InstanceInfoReplicator-%d] c.netflix.discovery.DiscoveryClient - DiscoveryClient_HOTEL_MAIN/DESKTOP-1NHIHPT:hotel_main:8444: registering service...
2024-11-19 17:49:14 INFO  [RMI TCP Connection(11)-127.0.0.1] o.a.coyote.http11.Http11NioProtocol - Stopping ProtocolHandler ["https-jsse-nio-8444"]
2024-11-19 17:49:14 INFO  [RMI TCP Connection(11)-127.0.0.1] o.a.coyote.http11.Http11NioProtocol - Stopping ProtocolHandler ["http-nio-8089"]
2024-11-19 17:49:14 INFO  [DiscoveryClient-InstanceInfoReplicator-%d] c.netflix.discovery.DiscoveryClient - DiscoveryClient_HOTEL_MAIN/DESKTOP-1NHIHPT:hotel_main:8444 - registration status: 204
2024-11-19 17:49:14 INFO  [RMI TCP Connection(11)-127.0.0.1] o.s.o.j.LocalContainerEntityManagerFactoryBean - Closing JPA EntityManagerFactory for persistence unit 'default'
2024-11-19 17:49:14 INFO  [RMI TCP Connection(11)-127.0.0.1] com.zaxxer.hikari.HikariDataSource - HikariPool-1 - Shutdown initiated...
2024-11-19 17:49:14 INFO  [RMI TCP Connection(11)-127.0.0.1] com.zaxxer.hikari.HikariDataSource - HikariPool-1 - Shutdown completed.
2024-11-19 17:49:14 INFO  [RMI TCP Connection(11)-127.0.0.1] c.netflix.discovery.DiscoveryClient - Shutting down DiscoveryClient ...
2024-11-19 17:49:17 INFO  [RMI TCP Connection(11)-127.0.0.1] c.netflix.discovery.DiscoveryClient - Unregistering ...
2024-11-19 17:49:17 INFO  [RMI TCP Connection(11)-127.0.0.1] c.netflix.discovery.DiscoveryClient - DiscoveryClient_HOTEL_MAIN/DESKTOP-1NHIHPT:hotel_main:8444 - deregister  status: 200
2024-11-19 17:49:17 INFO  [RMI TCP Connection(11)-127.0.0.1] c.netflix.discovery.DiscoveryClient - Completed shut down of DiscoveryClient
2024-11-19 17:49:22 INFO  [restartedMain] c.e.demo.Project3copy2Application - Starting Project3copy2Application using Java 21.0.4 with PID 1568 (C:\Users\user\Downloads\last-project3-master\project3copy2\target\classes started by user in C:\Users\user\Downloads\last-project3-master\project3copy2)
2024-11-19 17:49:22 INFO  [restartedMain] c.e.demo.Project3copy2Application - No active profile set, falling back to 1 default profile: "default"
2024-11-19 17:49:22 INFO  [restartedMain] o.s.b.d.restart.ChangeableUrls - The Class-Path manifest attribute in C:\Users\user\.m2\repository\com\oracle\database\jdbc\ojdbc8\21.9.0.0\ojdbc8-21.9.0.0.jar referenced one or more files that do not exist: file:/C:/Users/user/.m2/repository/com/oracle/database/jdbc/ojdbc8/21.9.0.0/oraclepki.jar
2024-11-19 17:49:22 INFO  [restartedMain] o.s.b.d.e.DevToolsPropertyDefaultsPostProcessor - Devtools property defaults active! Set 'spring.devtools.add-properties' to 'false' to disable
2024-11-19 17:49:22 INFO  [restartedMain] o.s.b.d.e.DevToolsPropertyDefaultsPostProcessor - For additional web related logging consider setting the 'logging.level.web' property to 'DEBUG'
2024-11-19 17:49:23 INFO  [restartedMain] o.s.d.r.c.RepositoryConfigurationDelegate - Bootstrapping Spring Data JPA repositories in DEFAULT mode.
2024-11-19 17:49:23 INFO  [restartedMain] o.s.d.r.c.RepositoryConfigurationDelegate - Finished Spring Data repository scanning in 22 ms. Found 0 JPA repository interfaces.
2024-11-19 17:49:23 INFO  [restartedMain] o.s.cloud.context.scope.GenericScope - BeanFactory id=b64e3475-7080-3ff8-b9c6-9fc50e95ab57
2024-11-19 17:49:23 WARN  [restartedMain] o.s.c.s.PostProcessorRegistrationDelegate$BeanPostProcessorChecker - Bean 'org.springframework.cloud.client.loadbalancer.LoadBalancerAutoConfiguration$DeferringLoadBalancerInterceptorConfig' of type [org.springframework.cloud.client.loadbalancer.LoadBalancerAutoConfiguration$DeferringLoadBalancerInterceptorConfig] is not eligible for getting processed by all BeanPostProcessors (for example: not eligible for auto-proxying). The currently created BeanPostProcessor [lbRestClientPostProcessor] is declared through a non-static factory method on that class; consider declaring it as static instead.
2024-11-19 17:49:23 WARN  [restartedMain] o.s.c.s.PostProcessorRegistrationDelegate$BeanPostProcessorChecker - Bean 'deferringLoadBalancerInterceptor' of type [org.springframework.cloud.client.loadbalancer.DeferringLoadBalancerInterceptor] is not eligible for getting processed by all BeanPostProcessors (for example: not eligible for auto-proxying). Is this bean getting eagerly injected into a currently created BeanPostProcessor [lbRestClientPostProcessor]? Check the corresponding BeanPostProcessor declaration and its dependencies.
2024-11-19 17:49:23 WARN  [restartedMain] o.s.c.s.PostProcessorRegistrationDelegate$BeanPostProcessorChecker - Bean 'org.springframework.cloud.client.loadbalancer.reactive.LoadBalancerBeanPostProcessorAutoConfiguration' of type [org.springframework.cloud.client.loadbalancer.reactive.LoadBalancerBeanPostProcessorAutoConfiguration] is not eligible for getting processed by all BeanPostProcessors (for example: not eligible for auto-proxying). The currently created BeanPostProcessor [loadBalancerWebClientBuilderBeanPostProcessor] is declared through a non-static factory method on that class; consider declaring it as static instead.
2024-11-19 17:49:23 WARN  [restartedMain] o.s.c.s.PostProcessorRegistrationDelegate$BeanPostProcessorChecker - Bean 'org.springframework.cloud.client.loadbalancer.reactive.LoadBalancerBeanPostProcessorAutoConfiguration$ReactorDeferringLoadBalancerFilterConfig' of type [org.springframework.cloud.client.loadbalancer.reactive.LoadBalancerBeanPostProcessorAutoConfiguration$ReactorDeferringLoadBalancerFilterConfig] is not eligible for getting processed by all BeanPostProcessors (for example: not eligible for auto-proxying). Is this bean getting eagerly injected into a currently created BeanPostProcessor [loadBalancerWebClientBuilderBeanPostProcessor]? Check the corresponding BeanPostProcessor declaration and its dependencies.
2024-11-19 17:49:23 WARN  [restartedMain] o.s.c.s.PostProcessorRegistrationDelegate$BeanPostProcessorChecker - Bean 'reactorDeferringLoadBalancerExchangeFilterFunction' of type [org.springframework.cloud.client.loadbalancer.reactive.DeferringLoadBalancerExchangeFilterFunction] is not eligible for getting processed by all BeanPostProcessors (for example: not eligible for auto-proxying). Is this bean getting eagerly injected into a currently created BeanPostProcessor [loadBalancerWebClientBuilderBeanPostProcessor]? Check the corresponding BeanPostProcessor declaration and its dependencies.
2024-11-19 17:49:24 WARN  [restartedMain] o.s.b.w.s.c.AnnotationConfigServletWebServerApplicationContext - Exception encountered during context initialization - cancelling refresh attempt: org.springframework.context.ApplicationContextException: Unable to start web server
2024-11-19 17:49:24 INFO  [restartedMain] o.s.b.a.l.ConditionEvaluationReportLogger - 

Error starting ApplicationContext. To display the condition evaluation report re-run your application with 'debug' enabled.
2024-11-19 17:49:24 ERROR [restartedMain] o.s.boot.SpringApplication - Application run failed
org.springframework.context.ApplicationContextException: Unable to start web server
	at org.springframework.boot.web.servlet.context.ServletWebServerApplicationContext.onRefresh(ServletWebServerApplicationContext.java:165)
	at org.springframework.context.support.AbstractApplicationContext.refresh(AbstractApplicationContext.java:619)
	at org.springframework.boot.web.servlet.context.ServletWebServerApplicationContext.refresh(ServletWebServerApplicationContext.java:146)
	at org.springframework.boot.SpringApplication.refresh(SpringApplication.java:754)
	at org.springframework.boot.SpringApplication.refreshContext(SpringApplication.java:456)
	at org.springframework.boot.SpringApplication.run(SpringApplication.java:335)
	at org.springframework.boot.SpringApplication.run(SpringApplication.java:1363)
	at org.springframework.boot.SpringApplication.run(SpringApplication.java:1352)
	at com.example.demo.Project3copy2Application.main(Project3copy2Application.java:14)
	at java.base/jdk.internal.reflect.DirectMethodHandleAccessor.invoke(DirectMethodHandleAccessor.java:103)
	at java.base/java.lang.reflect.Method.invoke(Method.java:580)
	at org.springframework.boot.devtools.restart.RestartLauncher.run(RestartLauncher.java:50)
Caused by: java.lang.IllegalStateException: Unable to create key store: Could not load store from 'classpath:/static/config1/keystore.p12'
	at org.springframework.boot.ssl.jks.JksSslStoreBundle.createKeyStore(JksSslStoreBundle.java:96)
	at org.springframework.boot.ssl.jks.JksSslStoreBundle.lambda$new$0(JksSslStoreBundle.java:59)
	at org.springframework.util.function.SingletonSupplier.get(SingletonSupplier.java:106)
	at org.springframework.boot.ssl.jks.JksSslStoreBundle.getKeyStore(JksSslStoreBundle.java:65)
	at org.springframework.boot.web.server.WebServerSslBundle.createKeyStore(WebServerSslBundle.java:157)
	at org.springframework.boot.web.server.WebServerSslBundle.createStoreBundle(WebServerSslBundle.java:147)
	at org.springframework.boot.web.server.WebServerSslBundle.get(WebServerSslBundle.java:142)
	at org.springframework.boot.web.server.AbstractConfigurableWebServerFactory.getSslBundle(AbstractConfigurableWebServerFactory.java:198)
	at org.springframework.boot.web.embedded.tomcat.TomcatServletWebServerFactory.customizeSsl(TomcatServletWebServerFactory.java:383)
	at org.springframework.boot.web.embedded.tomcat.TomcatServletWebServerFactory.customizeConnector(TomcatServletWebServerFactory.java:359)
	at org.springframework.boot.web.embedded.tomcat.TomcatServletWebServerFactory.getWebServer(TomcatServletWebServerFactory.java:212)
	at org.springframework.boot.web.servlet.context.ServletWebServerApplicationContext.createWebServer(ServletWebServerApplicationContext.java:188)
	at org.springframework.boot.web.servlet.context.ServletWebServerApplicationContext.onRefresh(ServletWebServerApplicationContext.java:162)
	... 11 common frames omitted
Caused by: java.lang.IllegalStateException: Could not load store from 'classpath:/static/config1/keystore.p12'
	at org.springframework.boot.ssl.jks.JksSslStoreBundle.loadKeyStore(JksSslStoreBundle.java:125)
	at org.springframework.boot.ssl.jks.JksSslStoreBundle.createKeyStore(JksSslStoreBundle.java:91)
	... 23 common frames omitted
Caused by: java.io.IOException: keystore password was incorrect
	at java.base/sun.security.pkcs12.PKCS12KeyStore.engineLoad(PKCS12KeyStore.java:2097)
	at java.base/sun.security.util.KeyStoreDelegator.engineLoad(KeyStoreDelegator.java:228)
	at java.base/java.security.KeyStore.load(KeyStore.java:1500)
	at org.springframework.boot.ssl.jks.JksSslStoreBundle.loadKeyStore(JksSslStoreBundle.java:121)
	... 24 common frames omitted
Caused by: java.security.UnrecoverableKeyException: failed to decrypt safe contents entry: javax.crypto.BadPaddingException: Given final block not properly padded. Such issues can arise if a bad key is used during decryption.
	... 28 common frames omitted
2024-11-19 17:50:23 INFO  [restartedMain] c.e.demo.Project3copy2Application - Starting Project3copy2Application using Java 21.0.4 with PID 21720 (C:\Users\user\Downloads\last-project3-master\project3copy2\target\classes started by user in C:\Users\user\Downloads\last-project3-master\project3copy2)
2024-11-19 17:50:23 INFO  [restartedMain] c.e.demo.Project3copy2Application - No active profile set, falling back to 1 default profile: "default"
2024-11-19 17:50:23 INFO  [restartedMain] o.s.b.d.restart.ChangeableUrls - The Class-Path manifest attribute in C:\Users\user\.m2\repository\com\oracle\database\jdbc\ojdbc8\21.9.0.0\ojdbc8-21.9.0.0.jar referenced one or more files that do not exist: file:/C:/Users/user/.m2/repository/com/oracle/database/jdbc/ojdbc8/21.9.0.0/oraclepki.jar
2024-11-19 17:50:23 INFO  [restartedMain] o.s.b.d.e.DevToolsPropertyDefaultsPostProcessor - Devtools property defaults active! Set 'spring.devtools.add-properties' to 'false' to disable
2024-11-19 17:50:23 INFO  [restartedMain] o.s.b.d.e.DevToolsPropertyDefaultsPostProcessor - For additional web related logging consider setting the 'logging.level.web' property to 'DEBUG'
2024-11-19 17:50:25 INFO  [restartedMain] o.s.d.r.c.RepositoryConfigurationDelegate - Bootstrapping Spring Data JPA repositories in DEFAULT mode.
2024-11-19 17:50:25 INFO  [restartedMain] o.s.d.r.c.RepositoryConfigurationDelegate - Finished Spring Data repository scanning in 26 ms. Found 0 JPA repository interfaces.
2024-11-19 17:50:25 INFO  [restartedMain] o.s.cloud.context.scope.GenericScope - BeanFactory id=b64e3475-7080-3ff8-b9c6-9fc50e95ab57
2024-11-19 17:50:25 WARN  [restartedMain] o.s.c.s.PostProcessorRegistrationDelegate$BeanPostProcessorChecker - Bean 'org.springframework.cloud.client.loadbalancer.LoadBalancerAutoConfiguration$DeferringLoadBalancerInterceptorConfig' of type [org.springframework.cloud.client.loadbalancer.LoadBalancerAutoConfiguration$DeferringLoadBalancerInterceptorConfig] is not eligible for getting processed by all BeanPostProcessors (for example: not eligible for auto-proxying). The currently created BeanPostProcessor [lbRestClientPostProcessor] is declared through a non-static factory method on that class; consider declaring it as static instead.
2024-11-19 17:50:25 WARN  [restartedMain] o.s.c.s.PostProcessorRegistrationDelegate$BeanPostProcessorChecker - Bean 'deferringLoadBalancerInterceptor' of type [org.springframework.cloud.client.loadbalancer.DeferringLoadBalancerInterceptor] is not eligible for getting processed by all BeanPostProcessors (for example: not eligible for auto-proxying). Is this bean getting eagerly injected into a currently created BeanPostProcessor [lbRestClientPostProcessor]? Check the corresponding BeanPostProcessor declaration and its dependencies.
2024-11-19 17:50:25 WARN  [restartedMain] o.s.c.s.PostProcessorRegistrationDelegate$BeanPostProcessorChecker - Bean 'org.springframework.cloud.client.loadbalancer.reactive.LoadBalancerBeanPostProcessorAutoConfiguration' of type [org.springframework.cloud.client.loadbalancer.reactive.LoadBalancerBeanPostProcessorAutoConfiguration] is not eligible for getting processed by all BeanPostProcessors (for example: not eligible for auto-proxying). The currently created BeanPostProcessor [loadBalancerWebClientBuilderBeanPostProcessor] is declared through a non-static factory method on that class; consider declaring it as static instead.
2024-11-19 17:50:25 WARN  [restartedMain] o.s.c.s.PostProcessorRegistrationDelegate$BeanPostProcessorChecker - Bean 'org.springframework.cloud.client.loadbalancer.reactive.LoadBalancerBeanPostProcessorAutoConfiguration$ReactorDeferringLoadBalancerFilterConfig' of type [org.springframework.cloud.client.loadbalancer.reactive.LoadBalancerBeanPostProcessorAutoConfiguration$ReactorDeferringLoadBalancerFilterConfig] is not eligible for getting processed by all BeanPostProcessors (for example: not eligible for auto-proxying). Is this bean getting eagerly injected into a currently created BeanPostProcessor [loadBalancerWebClientBuilderBeanPostProcessor]? Check the corresponding BeanPostProcessor declaration and its dependencies.
2024-11-19 17:50:25 WARN  [restartedMain] o.s.c.s.PostProcessorRegistrationDelegate$BeanPostProcessorChecker - Bean 'reactorDeferringLoadBalancerExchangeFilterFunction' of type [org.springframework.cloud.client.loadbalancer.reactive.DeferringLoadBalancerExchangeFilterFunction] is not eligible for getting processed by all BeanPostProcessors (for example: not eligible for auto-proxying). Is this bean getting eagerly injected into a currently created BeanPostProcessor [loadBalancerWebClientBuilderBeanPostProcessor]? Check the corresponding BeanPostProcessor declaration and its dependencies.
2024-11-19 17:50:26 INFO  [restartedMain] o.s.b.w.e.tomcat.TomcatWebServer - Tomcat initialized with ports 8444 (https), 8089 (http)
2024-11-19 17:50:26 INFO  [restartedMain] o.a.coyote.http11.Http11NioProtocol - Initializing ProtocolHandler ["https-jsse-nio-8444"]
2024-11-19 17:50:26 INFO  [restartedMain] o.a.coyote.http11.Http11NioProtocol - Initializing ProtocolHandler ["http-nio-8089"]
2024-11-19 17:50:26 INFO  [restartedMain] o.a.catalina.core.StandardService - Starting service [Tomcat]
2024-11-19 17:50:26 INFO  [restartedMain] o.a.catalina.core.StandardEngine - Starting Servlet engine: [Apache Tomcat/10.1.30]
2024-11-19 17:50:26 INFO  [restartedMain] o.apache.jasper.servlet.TldScanner - At least one JAR was scanned for TLDs yet contained no TLDs. Enable debug logging for this logger for a complete list of JARs that were scanned but no TLDs were found in them. Skipping unneeded JARs during scanning can improve startup time and JSP compilation time.
2024-11-19 17:50:26 INFO  [restartedMain] o.a.c.c.C.[Tomcat].[localhost].[/] - Initializing Spring embedded WebApplicationContext
2024-11-19 17:50:26 INFO  [restartedMain] o.s.b.w.s.c.ServletWebServerApplicationContext - Root WebApplicationContext: initialization completed in 2897 ms
2024-11-19 17:50:27 INFO  [restartedMain] com.zaxxer.hikari.HikariDataSource - HikariPool-1 - Starting...
2024-11-19 17:50:27 WARN  [restartedMain] c.z.hikari.util.DriverDataSource - Registered driver with driverClassName=oracle.jdbc.driver.OracleDriver was not found, trying direct instantiation.
2024-11-19 17:50:27 INFO  [restartedMain] com.zaxxer.hikari.pool.HikariPool - HikariPool-1 - Added connection oracle.jdbc.driver.T4CConnection@4694ed99
2024-11-19 17:50:27 INFO  [restartedMain] com.zaxxer.hikari.HikariDataSource - HikariPool-1 - Start completed.
2024-11-19 17:50:27 INFO  [restartedMain] o.h.jpa.internal.util.LogHelper - HHH000204: Processing PersistenceUnitInfo [name: default]
2024-11-19 17:50:27 INFO  [restartedMain] org.hibernate.Version - HHH000412: Hibernate ORM core version 6.5.3.Final
2024-11-19 17:50:27 INFO  [restartedMain] o.h.c.i.RegionFactoryInitiator - HHH000026: Second-level cache disabled
2024-11-19 17:50:28 INFO  [restartedMain] o.s.o.j.p.SpringPersistenceUnitInfo - No LoadTimeWeaver setup: ignoring JPA class transformer
2024-11-19 17:50:28 WARN  [restartedMain] org.hibernate.dialect.Dialect - HHH000511: The 18.0.0 version for [org.hibernate.dialect.OracleDialect] is no longer supported, hence certain features may not work properly. The minimum supported version is 19.0.0. Check the community dialects project for available legacy versions.
2024-11-19 17:50:29 INFO  [restartedMain] o.h.e.t.j.p.i.JtaPlatformInitiator - HHH000489: No JTA platform available (set 'hibernate.transaction.jta.platform' to enable JTA platform integration)
2024-11-19 17:50:29 INFO  [restartedMain] o.s.o.j.LocalContainerEntityManagerFactoryBean - Initialized JPA EntityManagerFactory for persistence unit 'default'
2024-11-19 17:50:29 WARN  [restartedMain] o.s.b.a.o.j.JpaBaseConfiguration$JpaWebConfiguration - spring.jpa.open-in-view is enabled by default. Therefore, database queries may be performed during view rendering. Explicitly configure spring.jpa.open-in-view to disable this warning
2024-11-19 17:50:30 INFO  [restartedMain] o.s.b.d.a.OptionalLiveReloadServer - LiveReload server is running on port 35729
2024-11-19 17:50:30 INFO  [restartedMain] o.s.c.n.e.c.DiscoveryClientOptionalArgsConfiguration - Eureka HTTP Client uses RestTemplate.
2024-11-19 17:50:30 WARN  [restartedMain] o.s.c.l.c.LoadBalancerCacheAutoConfiguration$LoadBalancerCaffeineWarnLogger - Spring Cloud LoadBalancer is currently working with the default cache. While this cache implementation is useful for development and tests, it's recommended to use Caffeine cache in production.You can switch to using Caffeine cache, by adding it and org.springframework.cache.caffeine.CaffeineCacheManager to the classpath.
2024-11-19 17:50:30 INFO  [restartedMain] o.s.c.n.eureka.InstanceInfoFactory - Setting initial instance status as: STARTING
2024-11-19 17:50:30 INFO  [restartedMain] c.netflix.discovery.DiscoveryClient - Initializing Eureka in region us-east-1
2024-11-19 17:50:30 INFO  [restartedMain] c.n.d.s.r.aws.ConfigClusterResolver - Resolving eureka endpoints via configuration
2024-11-19 17:50:30 INFO  [restartedMain] c.netflix.discovery.DiscoveryClient - Disable delta property : false
2024-11-19 17:50:30 INFO  [restartedMain] c.netflix.discovery.DiscoveryClient - Single vip registry refresh property : null
2024-11-19 17:50:30 INFO  [restartedMain] c.netflix.discovery.DiscoveryClient - Force full registry fetch : false
2024-11-19 17:50:30 INFO  [restartedMain] c.netflix.discovery.DiscoveryClient - Application is null : false
2024-11-19 17:50:30 INFO  [restartedMain] c.netflix.discovery.DiscoveryClient - Registered Applications size is zero : true
2024-11-19 17:50:30 INFO  [restartedMain] c.netflix.discovery.DiscoveryClient - Application version is -1: true
2024-11-19 17:50:30 INFO  [restartedMain] c.netflix.discovery.DiscoveryClient - Getting all instance registry info from the eureka server
2024-11-19 17:50:31 INFO  [restartedMain] c.netflix.discovery.DiscoveryClient - The response status is 200
2024-11-19 17:50:31 INFO  [restartedMain] c.netflix.discovery.DiscoveryClient - Starting heartbeat executor: renew interval is: 30
2024-11-19 17:50:31 INFO  [restartedMain] c.n.discovery.InstanceInfoReplicator - InstanceInfoReplicator onDemand update allowed rate per min is 4
2024-11-19 17:50:31 INFO  [restartedMain] c.netflix.discovery.DiscoveryClient - Discovery Client initialized at timestamp 1732006231075 with initial instances count: 1
2024-11-19 17:50:31 INFO  [restartedMain] o.s.c.n.e.s.EurekaServiceRegistry - Registering application HOTEL_MAIN with eureka with status UP
2024-11-19 17:50:31 INFO  [restartedMain] c.netflix.discovery.DiscoveryClient - Saw local status change event StatusChangeEvent [timestamp=1732006231087, current=UP, previous=STARTING]
2024-11-19 17:50:31 INFO  [restartedMain] o.a.coyote.http11.Http11NioProtocol - Starting ProtocolHandler ["https-jsse-nio-8444"]
2024-11-19 17:50:31 INFO  [DiscoveryClient-InstanceInfoReplicator-%d] c.netflix.discovery.DiscoveryClient - DiscoveryClient_HOTEL_MAIN/DESKTOP-1NHIHPT:hotel_main:8444: registering service...
2024-11-19 17:50:31 INFO  [DiscoveryClient-InstanceInfoReplicator-%d] c.netflix.discovery.DiscoveryClient - DiscoveryClient_HOTEL_MAIN/DESKTOP-1NHIHPT:hotel_main:8444 - registration status: 204
2024-11-19 17:50:31 INFO  [restartedMain] o.a.t.u.net.NioEndpoint.certificate - Connector [https-jsse-nio-8444], TLS virtual host [_default_], certificate type [UNDEFINED] configured from keystore [C:\Users\user\.keystore] using alias [mylocalcert] with trust store [null]
2024-11-19 17:50:31 INFO  [restartedMain] o.a.coyote.http11.Http11NioProtocol - Starting ProtocolHandler ["http-nio-8089"]
2024-11-19 17:50:31 INFO  [restartedMain] o.s.b.w.e.tomcat.TomcatWebServer - Tomcat started on ports 8444 (https), 8089 (http) with context path '/'
2024-11-19 17:50:31 INFO  [restartedMain] o.s.c.n.e.s.EurekaAutoServiceRegistration - Updating port to 8444
2024-11-19 17:50:31 INFO  [restartedMain] c.e.demo.Project3copy2Application - Started Project3copy2Application in 8.261 seconds (process running for 9.796)
2024-11-19 17:50:53 INFO  [https-jsse-nio-8444-exec-2] o.a.c.c.C.[Tomcat].[localhost].[/] - Initializing Spring DispatcherServlet 'dispatcherServlet'
2024-11-19 17:50:53 INFO  [https-jsse-nio-8444-exec-2] o.s.web.servlet.DispatcherServlet - Initializing Servlet 'dispatcherServlet'
2024-11-19 17:50:53 INFO  [https-jsse-nio-8444-exec-2] o.s.web.servlet.DispatcherServlet - Completed initialization in 4 ms
2024-11-19 17:50:57 WARN  [https-jsse-nio-8444-exec-8] o.s.w.s.m.m.a.ExceptionHandlerExceptionResolver - Resolved [org.springframework.web.servlet.resource.NoResourceFoundException: No static resource image/%EB%A9%94%EC%9D%B8%EB%A1%9C%EA%B3%A0.png.]
2024-11-19 17:51:06 WARN  [https-jsse-nio-8444-exec-10] o.s.w.s.m.m.a.ExceptionHandlerExceptionResolver - Resolved [org.springframework.web.servlet.resource.NoResourceFoundException: No static resource image/%EB%A9%94%EC%9D%B8%EB%A1%9C%EA%B3%A0.png.]
2024-11-19 17:51:10 WARN  [https-jsse-nio-8444-exec-1] o.s.w.s.m.m.a.ExceptionHandlerExceptionResolver - Resolved [org.springframework.web.servlet.resource.NoResourceFoundException: No static resource image/%EB%A9%94%EC%9D%B8%EB%A1%9C%EA%B3%A0.png.]
2024-11-19 17:51:12 WARN  [https-jsse-nio-8444-exec-10] o.s.w.s.m.m.a.ExceptionHandlerExceptionResolver - Resolved [org.springframework.web.servlet.resource.NoResourceFoundException: No static resource image/%EB%A9%94%EC%9D%B8%EB%A1%9C%EA%B3%A0.png.]
2024-11-19 17:51:40 WARN  [https-jsse-nio-8444-exec-3] o.s.w.s.m.m.a.ExceptionHandlerExceptionResolver - Resolved [org.springframework.dao.DuplicateKeyException: <EOL><EOL>### Error updating database.  Cause: java.sql.SQLIntegrityConstraintViolationException: ORA-00001:   (HR.SYS_C009205) <EOL><EOL><EOL>### The error may exist in file [C:\Users\user\Downloads\last-project3-master\project3copy2\target\classes\mapper\reservation_mapper.xml]<EOL><EOL>### The error may involve defaultParameterMap<EOL><EOL>### The error occurred while setting parameters<EOL><EOL>### SQL: INSERT INTO reservation VALUES( ?, ?, ?, ?, ?, ?, ?, ?, TO_DATE(?, 'YYYY/MM/DD'), ?,?)<EOL><EOL>### Cause: java.sql.SQLIntegrityConstraintViolationException: ORA-00001:   (HR.SYS_C009205) <EOL><EOL>; ORA-00001:   (HR.SYS_C009205) <EOL>]
2024-11-19 17:55:14 WARN  [https-jsse-nio-8444-exec-6] o.s.w.s.m.m.a.ExceptionHandlerExceptionResolver - Resolved [org.springframework.web.servlet.resource.NoResourceFoundException: No static resource image/%EB%A9%94%EC%9D%B8%EB%A1%9C%EA%B3%A0.png.]
2024-11-19 17:55:16 WARN  [https-jsse-nio-8444-exec-9] o.s.w.s.m.m.a.ExceptionHandlerExceptionResolver - Resolved [org.springframework.web.servlet.resource.NoResourceFoundException: No static resource image/%EB%A9%94%EC%9D%B8%EB%A1%9C%EA%B3%A0.png.]
2024-11-19 17:55:30 INFO  [AsyncResolver-bootstrap-executor-%d] c.n.d.s.r.aws.ConfigClusterResolver - Resolving eureka endpoints via configuration
2024-11-19 17:55:44 WARN  [https-jsse-nio-8444-exec-3] o.s.w.s.m.m.a.ExceptionHandlerExceptionResolver - Resolved [org.springframework.dao.DuplicateKeyException: <EOL><EOL>### Error updating database.  Cause: java.sql.SQLIntegrityConstraintViolationException: ORA-00001:   (HR.SYS_C009205) <EOL><EOL><EOL>### The error may exist in file [C:\Users\user\Downloads\last-project3-master\project3copy2\target\classes\mapper\reservation_mapper.xml]<EOL><EOL>### The error may involve defaultParameterMap<EOL><EOL>### The error occurred while setting parameters<EOL><EOL>### SQL: INSERT INTO reservation VALUES( ?, ?, ?, ?, ?, ?, ?, ?, TO_DATE(?, 'YYYY/MM/DD'), ?,?)<EOL><EOL>### Cause: java.sql.SQLIntegrityConstraintViolationException: ORA-00001:   (HR.SYS_C009205) <EOL><EOL>; ORA-00001:   (HR.SYS_C009205) <EOL>]
2024-11-19 17:55:50 WARN  [https-jsse-nio-8444-exec-8] o.s.w.s.m.m.a.ExceptionHandlerExceptionResolver - Resolved [org.springframework.web.servlet.resource.NoResourceFoundException: No static resource image/%EB%A9%94%EC%9D%B8%EB%A1%9C%EA%B3%A0.png.]
2024-11-19 17:56:13 INFO  [File Watcher] o.s.b.d.a.LocalDevToolsAutoConfiguration$RestartingClassPathChangeChangedEventListener - Restarting due to 1 class path change (0 additions, 0 deletions, 1 modification)
2024-11-19 17:56:13 INFO  [Thread-9] o.s.c.n.e.s.EurekaServiceRegistry - Unregistering application HOTEL_MAIN with eureka with status DOWN
2024-11-19 17:56:13 INFO  [Thread-9] c.netflix.discovery.DiscoveryClient - Saw local status change event StatusChangeEvent [timestamp=1732006573622, current=DOWN, previous=UP]
2024-11-19 17:56:13 INFO  [DiscoveryClient-InstanceInfoReplicator-%d] c.netflix.discovery.DiscoveryClient - DiscoveryClient_HOTEL_MAIN/DESKTOP-1NHIHPT:hotel_main:8444: registering service...
2024-11-19 17:56:13 INFO  [Thread-9] o.a.coyote.http11.Http11NioProtocol - Stopping ProtocolHandler ["https-jsse-nio-8444"]
2024-11-19 17:56:13 INFO  [DiscoveryClient-InstanceInfoReplicator-%d] c.netflix.discovery.DiscoveryClient - DiscoveryClient_HOTEL_MAIN/DESKTOP-1NHIHPT:hotel_main:8444 - registration status: 204
2024-11-19 17:56:13 INFO  [Thread-9] o.a.coyote.http11.Http11NioProtocol - Stopping ProtocolHandler ["http-nio-8089"]
2024-11-19 17:56:13 INFO  [Thread-9] o.s.o.j.LocalContainerEntityManagerFactoryBean - Closing JPA EntityManagerFactory for persistence unit 'default'
2024-11-19 17:56:13 INFO  [Thread-9] com.zaxxer.hikari.HikariDataSource - HikariPool-1 - Shutdown initiated...
2024-11-19 17:56:13 INFO  [Thread-9] com.zaxxer.hikari.HikariDataSource - HikariPool-1 - Shutdown completed.
2024-11-19 17:56:13 INFO  [Thread-9] c.netflix.discovery.DiscoveryClient - Shutting down DiscoveryClient ...
2024-11-19 17:56:16 INFO  [Thread-9] c.netflix.discovery.DiscoveryClient - Unregistering ...
2024-11-19 17:56:16 INFO  [Thread-9] c.netflix.discovery.DiscoveryClient - DiscoveryClient_HOTEL_MAIN/DESKTOP-1NHIHPT:hotel_main:8444 - deregister  status: 200
2024-11-19 17:56:16 INFO  [Thread-9] c.netflix.discovery.DiscoveryClient - Completed shut down of DiscoveryClient
2024-11-19 17:56:16 INFO  [restartedMain] c.e.demo.Project3copy2Application - Starting Project3copy2Application using Java 21.0.4 with PID 21720 (C:\Users\user\Downloads\last-project3-master\project3copy2\target\classes started by user in C:\Users\user\Downloads\last-project3-master\project3copy2)
2024-11-19 17:56:16 INFO  [restartedMain] c.e.demo.Project3copy2Application - No active profile set, falling back to 1 default profile: "default"
2024-11-19 17:56:17 INFO  [restartedMain] o.s.d.r.c.RepositoryConfigurationDelegate - Bootstrapping Spring Data JPA repositories in DEFAULT mode.
2024-11-19 17:56:17 INFO  [restartedMain] o.s.d.r.c.RepositoryConfigurationDelegate - Finished Spring Data repository scanning in 19 ms. Found 0 JPA repository interfaces.
2024-11-19 17:56:17 INFO  [restartedMain] o.s.cloud.context.scope.GenericScope - BeanFactory id=b64e3475-7080-3ff8-b9c6-9fc50e95ab57
2024-11-19 17:56:17 WARN  [restartedMain] o.s.c.s.PostProcessorRegistrationDelegate$BeanPostProcessorChecker - Bean 'org.springframework.cloud.client.loadbalancer.LoadBalancerAutoConfiguration$DeferringLoadBalancerInterceptorConfig' of type [org.springframework.cloud.client.loadbalancer.LoadBalancerAutoConfiguration$DeferringLoadBalancerInterceptorConfig] is not eligible for getting processed by all BeanPostProcessors (for example: not eligible for auto-proxying). The currently created BeanPostProcessor [lbRestClientPostProcessor] is declared through a non-static factory method on that class; consider declaring it as static instead.
2024-11-19 17:56:17 WARN  [restartedMain] o.s.c.s.PostProcessorRegistrationDelegate$BeanPostProcessorChecker - Bean 'deferringLoadBalancerInterceptor' of type [org.springframework.cloud.client.loadbalancer.DeferringLoadBalancerInterceptor] is not eligible for getting processed by all BeanPostProcessors (for example: not eligible for auto-proxying). Is this bean getting eagerly injected into a currently created BeanPostProcessor [lbRestClientPostProcessor]? Check the corresponding BeanPostProcessor declaration and its dependencies.
2024-11-19 17:56:17 WARN  [restartedMain] o.s.c.s.PostProcessorRegistrationDelegate$BeanPostProcessorChecker - Bean 'org.springframework.cloud.client.loadbalancer.reactive.LoadBalancerBeanPostProcessorAutoConfiguration' of type [org.springframework.cloud.client.loadbalancer.reactive.LoadBalancerBeanPostProcessorAutoConfiguration] is not eligible for getting processed by all BeanPostProcessors (for example: not eligible for auto-proxying). The currently created BeanPostProcessor [loadBalancerWebClientBuilderBeanPostProcessor] is declared through a non-static factory method on that class; consider declaring it as static instead.
2024-11-19 17:56:17 WARN  [restartedMain] o.s.c.s.PostProcessorRegistrationDelegate$BeanPostProcessorChecker - Bean 'org.springframework.cloud.client.loadbalancer.reactive.LoadBalancerBeanPostProcessorAutoConfiguration$ReactorDeferringLoadBalancerFilterConfig' of type [org.springframework.cloud.client.loadbalancer.reactive.LoadBalancerBeanPostProcessorAutoConfiguration$ReactorDeferringLoadBalancerFilterConfig] is not eligible for getting processed by all BeanPostProcessors (for example: not eligible for auto-proxying). Is this bean getting eagerly injected into a currently created BeanPostProcessor [loadBalancerWebClientBuilderBeanPostProcessor]? Check the corresponding BeanPostProcessor declaration and its dependencies.
2024-11-19 17:56:17 WARN  [restartedMain] o.s.c.s.PostProcessorRegistrationDelegate$BeanPostProcessorChecker - Bean 'reactorDeferringLoadBalancerExchangeFilterFunction' of type [org.springframework.cloud.client.loadbalancer.reactive.DeferringLoadBalancerExchangeFilterFunction] is not eligible for getting processed by all BeanPostProcessors (for example: not eligible for auto-proxying). Is this bean getting eagerly injected into a currently created BeanPostProcessor [loadBalancerWebClientBuilderBeanPostProcessor]? Check the corresponding BeanPostProcessor declaration and its dependencies.
2024-11-19 17:56:17 INFO  [restartedMain] o.s.b.w.e.tomcat.TomcatWebServer - Tomcat initialized with ports 8444 (https), 8089 (http)
2024-11-19 17:56:17 INFO  [restartedMain] o.a.coyote.http11.Http11NioProtocol - Initializing ProtocolHandler ["https-jsse-nio-8444"]
2024-11-19 17:56:17 INFO  [restartedMain] o.a.coyote.http11.Http11NioProtocol - Initializing ProtocolHandler ["http-nio-8089"]
2024-11-19 17:56:17 INFO  [restartedMain] o.a.catalina.core.StandardService - Starting service [Tomcat]
2024-11-19 17:56:17 INFO  [restartedMain] o.a.catalina.core.StandardEngine - Starting Servlet engine: [Apache Tomcat/10.1.30]
2024-11-19 17:56:18 INFO  [restartedMain] o.apache.jasper.servlet.TldScanner - At least one JAR was scanned for TLDs yet contained no TLDs. Enable debug logging for this logger for a complete list of JARs that were scanned but no TLDs were found in them. Skipping unneeded JARs during scanning can improve startup time and JSP compilation time.
2024-11-19 17:56:18 INFO  [restartedMain] o.a.c.c.C.[Tomcat].[localhost].[/] - Initializing Spring embedded WebApplicationContext
2024-11-19 17:56:18 INFO  [restartedMain] o.s.b.w.s.c.ServletWebServerApplicationContext - Root WebApplicationContext: initialization completed in 1198 ms
2024-11-19 17:56:18 INFO  [restartedMain] com.zaxxer.hikari.HikariDataSource - HikariPool-2 - Starting...
2024-11-19 17:56:18 WARN  [restartedMain] c.z.hikari.util.DriverDataSource - Registered driver with driverClassName=oracle.jdbc.driver.OracleDriver was not found, trying direct instantiation.
2024-11-19 17:56:18 INFO  [restartedMain] com.zaxxer.hikari.pool.HikariPool - HikariPool-2 - Added connection oracle.jdbc.driver.T4CConnection@2278f3cb
2024-11-19 17:56:18 INFO  [restartedMain] com.zaxxer.hikari.HikariDataSource - HikariPool-2 - Start completed.
2024-11-19 17:56:18 INFO  [restartedMain] o.h.jpa.internal.util.LogHelper - HHH000204: Processing PersistenceUnitInfo [name: default]
2024-11-19 17:56:18 INFO  [restartedMain] o.h.c.i.RegionFactoryInitiator - HHH000026: Second-level cache disabled
2024-11-19 17:56:18 INFO  [restartedMain] o.s.o.j.p.SpringPersistenceUnitInfo - No LoadTimeWeaver setup: ignoring JPA class transformer
2024-11-19 17:56:18 WARN  [restartedMain] org.hibernate.dialect.Dialect - HHH000511: The 18.0.0 version for [org.hibernate.dialect.OracleDialect] is no longer supported, hence certain features may not work properly. The minimum supported version is 19.0.0. Check the community dialects project for available legacy versions.
2024-11-19 17:56:18 INFO  [restartedMain] o.h.e.t.j.p.i.JtaPlatformInitiator - HHH000489: No JTA platform available (set 'hibernate.transaction.jta.platform' to enable JTA platform integration)
2024-11-19 17:56:18 INFO  [restartedMain] o.s.o.j.LocalContainerEntityManagerFactoryBean - Initialized JPA EntityManagerFactory for persistence unit 'default'
2024-11-19 17:56:18 WARN  [restartedMain] o.s.b.a.o.j.JpaBaseConfiguration$JpaWebConfiguration - spring.jpa.open-in-view is enabled by default. Therefore, database queries may be performed during view rendering. Explicitly configure spring.jpa.open-in-view to disable this warning
2024-11-19 17:56:18 INFO  [restartedMain] o.s.b.d.a.OptionalLiveReloadServer - LiveReload server is running on port 35729
2024-11-19 17:56:18 INFO  [restartedMain] o.s.c.n.e.c.DiscoveryClientOptionalArgsConfiguration - Eureka HTTP Client uses RestTemplate.
2024-11-19 17:56:18 WARN  [restartedMain] o.s.c.l.c.LoadBalancerCacheAutoConfiguration$LoadBalancerCaffeineWarnLogger - Spring Cloud LoadBalancer is currently working with the default cache. While this cache implementation is useful for development and tests, it's recommended to use Caffeine cache in production.You can switch to using Caffeine cache, by adding it and org.springframework.cache.caffeine.CaffeineCacheManager to the classpath.
2024-11-19 17:56:18 INFO  [restartedMain] o.s.c.n.eureka.InstanceInfoFactory - Setting initial instance status as: STARTING
2024-11-19 17:56:18 INFO  [restartedMain] c.netflix.discovery.DiscoveryClient - Initializing Eureka in region us-east-1
2024-11-19 17:56:18 INFO  [restartedMain] c.n.d.s.r.aws.ConfigClusterResolver - Resolving eureka endpoints via configuration
2024-11-19 17:56:18 INFO  [restartedMain] c.netflix.discovery.DiscoveryClient - Disable delta property : false
2024-11-19 17:56:18 INFO  [restartedMain] c.netflix.discovery.DiscoveryClient - Single vip registry refresh property : null
2024-11-19 17:56:18 INFO  [restartedMain] c.netflix.discovery.DiscoveryClient - Force full registry fetch : false
2024-11-19 17:56:18 INFO  [restartedMain] c.netflix.discovery.DiscoveryClient - Application is null : false
2024-11-19 17:56:18 INFO  [restartedMain] c.netflix.discovery.DiscoveryClient - Registered Applications size is zero : true
2024-11-19 17:56:18 INFO  [restartedMain] c.netflix.discovery.DiscoveryClient - Application version is -1: true
2024-11-19 17:56:18 INFO  [restartedMain] c.netflix.discovery.DiscoveryClient - Getting all instance registry info from the eureka server
2024-11-19 17:56:18 INFO  [restartedMain] c.netflix.discovery.DiscoveryClient - The response status is 200
2024-11-19 17:56:18 INFO  [restartedMain] c.netflix.discovery.DiscoveryClient - Starting heartbeat executor: renew interval is: 30
2024-11-19 17:56:18 INFO  [restartedMain] c.n.discovery.InstanceInfoReplicator - InstanceInfoReplicator onDemand update allowed rate per min is 4
2024-11-19 17:56:18 INFO  [restartedMain] c.netflix.discovery.DiscoveryClient - Discovery Client initialized at timestamp 1732006578929 with initial instances count: 2
2024-11-19 17:56:18 INFO  [restartedMain] o.s.c.n.e.s.EurekaServiceRegistry - Registering application HOTEL_MAIN with eureka with status UP
2024-11-19 17:56:18 INFO  [restartedMain] c.netflix.discovery.DiscoveryClient - Saw local status change event StatusChangeEvent [timestamp=1732006578934, current=UP, previous=STARTING]
2024-11-19 17:56:18 INFO  [DiscoveryClient-InstanceInfoReplicator-%d] c.netflix.discovery.DiscoveryClient - DiscoveryClient_HOTEL_MAIN/DESKTOP-1NHIHPT:hotel_main:8444: registering service...
2024-11-19 17:56:18 INFO  [restartedMain] o.a.coyote.http11.Http11NioProtocol - Starting ProtocolHandler ["https-jsse-nio-8444"]
2024-11-19 17:56:18 INFO  [DiscoveryClient-InstanceInfoReplicator-%d] c.netflix.discovery.DiscoveryClient - DiscoveryClient_HOTEL_MAIN/DESKTOP-1NHIHPT:hotel_main:8444 - registration status: 204
2024-11-19 17:56:19 INFO  [restartedMain] o.a.t.u.net.NioEndpoint.certificate - Connector [https-jsse-nio-8444], TLS virtual host [_default_], certificate type [UNDEFINED] configured from keystore [C:\Users\user\.keystore] using alias [mylocalcert] with trust store [null]
2024-11-19 17:56:19 INFO  [restartedMain] o.a.coyote.http11.Http11NioProtocol - Starting ProtocolHandler ["http-nio-8089"]
2024-11-19 17:56:19 INFO  [restartedMain] o.s.b.w.e.tomcat.TomcatWebServer - Tomcat started on ports 8444 (https), 8089 (http) with context path '/'
2024-11-19 17:56:19 INFO  [restartedMain] o.s.c.n.e.s.EurekaAutoServiceRegistration - Updating port to 8444
2024-11-19 17:56:19 INFO  [restartedMain] c.e.demo.Project3copy2Application - Started Project3copy2Application in 2.337 seconds (process running for 357.431)
2024-11-19 17:56:19 INFO  [restartedMain] o.s.b.d.a.ConditionEvaluationDeltaLoggingListener - Condition evaluation unchanged
2024-11-19 17:56:21 INFO  [https-jsse-nio-8444-exec-6] o.a.c.c.C.[Tomcat].[localhost].[/] - Initializing Spring DispatcherServlet 'dispatcherServlet'
2024-11-19 17:56:21 INFO  [https-jsse-nio-8444-exec-6] o.s.web.servlet.DispatcherServlet - Initializing Servlet 'dispatcherServlet'
2024-11-19 17:56:21 INFO  [https-jsse-nio-8444-exec-6] o.s.web.servlet.DispatcherServlet - Completed initialization in 2 ms
2024-11-19 17:56:22 WARN  [https-jsse-nio-8444-exec-6] o.s.w.s.m.m.a.ExceptionHandlerExceptionResolver - Resolved [org.springframework.web.servlet.resource.NoResourceFoundException: No static resource image/%EB%A9%94%EC%9D%B8%EB%A1%9C%EA%B3%A0.png.]
2024-11-19 17:56:24 WARN  [https-jsse-nio-8444-exec-2] o.s.w.s.m.m.a.ExceptionHandlerExceptionResolver - Resolved [org.springframework.web.servlet.resource.NoResourceFoundException: No static resource image/%EB%A9%94%EC%9D%B8%EB%A1%9C%EA%B3%A0.png.]
2024-11-19 17:56:25 WARN  [https-jsse-nio-8444-exec-1] o.s.w.s.m.m.a.ExceptionHandlerExceptionResolver - Resolved [org.springframework.web.servlet.resource.NoResourceFoundException: No static resource image/%EB%A9%94%EC%9D%B8%EB%A1%9C%EA%B3%A0.png.]
2024-11-19 17:56:26 WARN  [https-jsse-nio-8444-exec-7] o.s.w.s.m.m.a.ExceptionHandlerExceptionResolver - Resolved [org.springframework.web.servlet.resource.NoResourceFoundException: No static resource image/%EB%A9%94%EC%9D%B8%EB%A1%9C%EA%B3%A0.png.]
2024-11-19 17:56:48 WARN  [https-jsse-nio-8444-exec-5] o.s.w.s.m.m.a.ExceptionHandlerExceptionResolver - Resolved [org.springframework.dao.DuplicateKeyException: <EOL><EOL>### Error updating database.  Cause: java.sql.SQLIntegrityConstraintViolationException: ORA-00001:   (HR.SYS_C009205) <EOL><EOL><EOL>### The error may exist in file [C:\Users\user\Downloads\last-project3-master\project3copy2\target\classes\mapper\reservation_mapper.xml]<EOL><EOL>### The error may involve defaultParameterMap<EOL><EOL>### The error occurred while setting parameters<EOL><EOL>### SQL: INSERT INTO reservation VALUES( ?, ?, ?, ?, ?, ?, ?, ?, TO_DATE(?, 'YYYY/MM/DD'), ?,?)<EOL><EOL>### Cause: java.sql.SQLIntegrityConstraintViolationException: ORA-00001:   (HR.SYS_C009205) <EOL><EOL>; ORA-00001:   (HR.SYS_C009205) <EOL>]
2024-11-19 17:57:46 WARN  [https-jsse-nio-8444-exec-4] o.s.w.s.m.m.a.ExceptionHandlerExceptionResolver - Resolved [org.springframework.web.servlet.resource.NoResourceFoundException: No static resource image/%EB%A9%94%EC%9D%B8%EB%A1%9C%EA%B3%A0.png.]
2024-11-19 18:00:17 WARN  [https-jsse-nio-8444-exec-7] o.s.w.s.m.m.a.ExceptionHandlerExceptionResolver - Resolved [org.springframework.web.servlet.resource.NoResourceFoundException: No static resource image/%EB%A9%94%EC%9D%B8%EB%A1%9C%EA%B3%A0.png.]
2024-11-19 18:00:19 WARN  [https-jsse-nio-8444-exec-9] o.s.w.s.m.m.a.ExceptionHandlerExceptionResolver - Resolved [org.springframework.web.servlet.resource.NoResourceFoundException: No static resource image/%EB%A9%94%EC%9D%B8%EB%A1%9C%EA%B3%A0.png.]
2024-11-19 18:00:20 WARN  [https-jsse-nio-8444-exec-6] o.s.w.s.m.m.a.ExceptionHandlerExceptionResolver - Resolved [org.springframework.web.servlet.resource.NoResourceFoundException: No static resource image/%EB%A9%94%EC%9D%B8%EB%A1%9C%EA%B3%A0.png.]
2024-11-19 18:00:42 WARN  [https-jsse-nio-8444-exec-1] o.s.w.s.m.m.a.ExceptionHandlerExceptionResolver - Resolved [org.springframework.dao.DuplicateKeyException: <EOL><EOL>### Error updating database.  Cause: java.sql.SQLIntegrityConstraintViolationException: ORA-00001:   (HR.SYS_C009205) <EOL><EOL><EOL>### The error may exist in file [C:\Users\user\Downloads\last-project3-master\project3copy2\target\classes\mapper\reservation_mapper.xml]<EOL><EOL>### The error may involve defaultParameterMap<EOL><EOL>### The error occurred while setting parameters<EOL><EOL>### SQL: INSERT INTO reservation VALUES( ?, ?, ?, ?, ?, ?, ?, ?, TO_DATE(?, 'YYYY/MM/DD'), ?,?)<EOL><EOL>### Cause: java.sql.SQLIntegrityConstraintViolationException: ORA-00001:   (HR.SYS_C009205) <EOL><EOL>; ORA-00001:   (HR.SYS_C009205) <EOL>]
2024-11-19 18:01:05 WARN  [https-jsse-nio-8444-exec-8] o.s.w.s.m.m.a.ExceptionHandlerExceptionResolver - Resolved [org.springframework.web.servlet.resource.NoResourceFoundException: No static resource image/%EB%A9%94%EC%9D%B8%EB%A1%9C%EA%B3%A0.png.]
2024-11-19 18:01:18 INFO  [AsyncResolver-bootstrap-executor-%d] c.n.d.s.r.aws.ConfigClusterResolver - Resolving eureka endpoints via configuration
2024-11-19 18:01:40 WARN  [https-jsse-nio-8444-exec-6] o.s.w.s.m.m.a.ExceptionHandlerExceptionResolver - Resolved [org.springframework.web.servlet.resource.NoResourceFoundException: No static resource image/%EB%A9%94%EC%9D%B8%EB%A1%9C%EA%B3%A0.png.]
2024-11-19 18:02:10 WARN  [https-jsse-nio-8444-exec-6] o.s.w.s.m.m.a.ExceptionHandlerExceptionResolver - Resolved [org.springframework.web.servlet.resource.NoResourceFoundException: No static resource image/%EB%A9%94%EC%9D%B8%EB%A1%9C%EA%B3%A0.png.]
2024-11-19 18:02:13 WARN  [https-jsse-nio-8444-exec-7] o.s.w.s.m.m.a.ExceptionHandlerExceptionResolver - Resolved [org.springframework.web.servlet.resource.NoResourceFoundException: No static resource image/%EB%A9%94%EC%9D%B8%EB%A1%9C%EA%B3%A0.png.]
2024-11-19 18:02:15 WARN  [https-jsse-nio-8444-exec-6] o.s.w.s.m.m.a.ExceptionHandlerExceptionResolver - Resolved [org.springframework.web.servlet.resource.NoResourceFoundException: No static resource image/%EB%A9%94%EC%9D%B8%EB%A1%9C%EA%B3%A0.png.]
2024-11-19 18:02:18 WARN  [https-jsse-nio-8444-exec-5] o.s.w.s.m.m.a.ExceptionHandlerExceptionResolver - Resolved [org.springframework.web.servlet.resource.NoResourceFoundException: No static resource image/%EB%A9%94%EC%9D%B8%EB%A1%9C%EA%B3%A0.png.]
2024-11-19 18:02:19 WARN  [https-jsse-nio-8444-exec-5] o.s.w.s.m.m.a.ExceptionHandlerExceptionResolver - Resolved [org.springframework.web.servlet.resource.NoResourceFoundException: No static resource image/%EB%A9%94%EC%9D%B8%EB%A1%9C%EA%B3%A0.png.]
2024-11-19 18:02:25 WARN  [https-jsse-nio-8444-exec-7] o.s.w.s.m.m.a.ExceptionHandlerExceptionResolver - Resolved [org.springframework.web.servlet.resource.NoResourceFoundException: No static resource image/%EB%A9%94%EC%9D%B8%EB%A1%9C%EA%B3%A0.png.]
2024-11-19 18:02:26 WARN  [https-jsse-nio-8444-exec-2] o.s.w.s.m.m.a.ExceptionHandlerExceptionResolver - Resolved [org.springframework.web.servlet.resource.NoResourceFoundException: No static resource image/%EB%A9%94%EC%9D%B8%EB%A1%9C%EA%B3%A0.png.]
2024-11-19 18:02:28 WARN  [https-jsse-nio-8444-exec-10] o.s.w.s.m.m.a.ExceptionHandlerExceptionResolver - Resolved [org.springframework.web.servlet.resource.NoResourceFoundException: No static resource image/%EB%A9%94%EC%9D%B8%EB%A1%9C%EA%B3%A0.png.]
2024-11-19 18:02:47 WARN  [https-jsse-nio-8444-exec-6] o.s.w.s.m.m.a.ExceptionHandlerExceptionResolver - Resolved [org.springframework.web.bind.MissingServletRequestParameterException: Required request parameter 'imp_uid' for method parameter type String is not present]
2024-11-19 18:03:42 WARN  [https-jsse-nio-8444-exec-4] o.s.w.s.m.m.a.ExceptionHandlerExceptionResolver - Resolved [org.springframework.web.servlet.resource.NoResourceFoundException: No static resource image/%EB%A9%94%EC%9D%B8%EB%A1%9C%EA%B3%A0.png.]
2024-11-19 18:03:52 WARN  [https-jsse-nio-8444-exec-2] o.s.w.s.m.m.a.ExceptionHandlerExceptionResolver - Resolved [org.springframework.web.servlet.resource.NoResourceFoundException: No static resource image/%EB%A9%94%EC%9D%B8%EB%A1%9C%EA%B3%A0.png.]
2024-11-19 18:03:53 WARN  [https-jsse-nio-8444-exec-8] o.s.w.s.m.m.a.ExceptionHandlerExceptionResolver - Resolved [org.springframework.web.servlet.resource.NoResourceFoundException: No static resource image/%EB%A9%94%EC%9D%B8%EB%A1%9C%EA%B3%A0.png.]
2024-11-19 18:03:54 WARN  [https-jsse-nio-8444-exec-1] o.s.w.s.m.m.a.ExceptionHandlerExceptionResolver - Resolved [org.springframework.web.servlet.resource.NoResourceFoundException: No static resource image/%EB%A9%94%EC%9D%B8%EB%A1%9C%EA%B3%A0.png.]
2024-11-19 18:04:13 WARN  [https-jsse-nio-8444-exec-7] o.s.w.s.m.m.a.ExceptionHandlerExceptionResolver - Resolved [org.springframework.dao.DuplicateKeyException: <EOL><EOL>### Error updating database.  Cause: java.sql.SQLIntegrityConstraintViolationException: ORA-00001:   (HR.SYS_C009205) <EOL><EOL><EOL>### The error may exist in file [C:\Users\user\Downloads\last-project3-master\project3copy2\target\classes\mapper\reservation_mapper.xml]<EOL><EOL>### The error may involve defaultParameterMap<EOL><EOL>### The error occurred while setting parameters<EOL><EOL>### SQL: INSERT INTO reservation VALUES( ?, ?, ?, ?, ?, ?, ?, ?, TO_DATE(?, 'YYYY/MM/DD'), ?,?)<EOL><EOL>### Cause: java.sql.SQLIntegrityConstraintViolationException: ORA-00001:   (HR.SYS_C009205) <EOL><EOL>; ORA-00001:   (HR.SYS_C009205) <EOL>]
2024-11-19 18:05:29 INFO  [File Watcher] o.s.b.d.a.LocalDevToolsAutoConfiguration$RestartingClassPathChangeChangedEventListener - Restarting due to 1 class path change (0 additions, 0 deletions, 1 modification)
2024-11-19 18:05:29 INFO  [Thread-22] o.s.c.n.e.s.EurekaServiceRegistry - Unregistering application HOTEL_MAIN with eureka with status DOWN
2024-11-19 18:05:29 INFO  [Thread-22] c.netflix.discovery.DiscoveryClient - Saw local status change event StatusChangeEvent [timestamp=1732007129199, current=DOWN, previous=UP]
2024-11-19 18:05:29 INFO  [DiscoveryClient-InstanceInfoReplicator-%d] c.netflix.discovery.DiscoveryClient - DiscoveryClient_HOTEL_MAIN/DESKTOP-1NHIHPT:hotel_main:8444: registering service...
2024-11-19 18:05:29 INFO  [Thread-22] o.a.coyote.http11.Http11NioProtocol - Stopping ProtocolHandler ["https-jsse-nio-8444"]
2024-11-19 18:05:29 INFO  [Thread-22] o.a.coyote.http11.Http11NioProtocol - Stopping ProtocolHandler ["http-nio-8089"]
2024-11-19 18:05:29 INFO  [DiscoveryClient-InstanceInfoReplicator-%d] c.netflix.discovery.DiscoveryClient - DiscoveryClient_HOTEL_MAIN/DESKTOP-1NHIHPT:hotel_main:8444 - registration status: 204
2024-11-19 18:05:29 INFO  [Thread-22] o.s.o.j.LocalContainerEntityManagerFactoryBean - Closing JPA EntityManagerFactory for persistence unit 'default'
2024-11-19 18:05:29 INFO  [Thread-22] com.zaxxer.hikari.HikariDataSource - HikariPool-2 - Shutdown initiated...
2024-11-19 18:05:29 INFO  [Thread-22] com.zaxxer.hikari.HikariDataSource - HikariPool-2 - Shutdown completed.
2024-11-19 18:05:29 INFO  [Thread-22] c.netflix.discovery.DiscoveryClient - Shutting down DiscoveryClient ...
2024-11-19 18:05:32 INFO  [Thread-22] c.netflix.discovery.DiscoveryClient - Unregistering ...
2024-11-19 18:05:32 INFO  [Thread-22] c.netflix.discovery.DiscoveryClient - DiscoveryClient_HOTEL_MAIN/DESKTOP-1NHIHPT:hotel_main:8444 - deregister  status: 200
2024-11-19 18:05:32 INFO  [Thread-22] c.netflix.discovery.DiscoveryClient - Completed shut down of DiscoveryClient
2024-11-19 18:05:32 INFO  [restartedMain] c.e.demo.Project3copy2Application - Starting Project3copy2Application using Java 21.0.4 with PID 21720 (C:\Users\user\Downloads\last-project3-master\project3copy2\target\classes started by user in C:\Users\user\Downloads\last-project3-master\project3copy2)
2024-11-19 18:05:32 INFO  [restartedMain] c.e.demo.Project3copy2Application - No active profile set, falling back to 1 default profile: "default"
2024-11-19 18:05:34 INFO  [restartedMain] o.s.d.r.c.RepositoryConfigurationDelegate - Bootstrapping Spring Data JPA repositories in DEFAULT mode.
2024-11-19 18:05:34 INFO  [restartedMain] o.s.d.r.c.RepositoryConfigurationDelegate - Finished Spring Data repository scanning in 22 ms. Found 0 JPA repository interfaces.
2024-11-19 18:05:34 INFO  [restartedMain] o.s.cloud.context.scope.GenericScope - BeanFactory id=b64e3475-7080-3ff8-b9c6-9fc50e95ab57
2024-11-19 18:05:34 WARN  [restartedMain] o.s.c.s.PostProcessorRegistrationDelegate$BeanPostProcessorChecker - Bean 'org.springframework.cloud.client.loadbalancer.LoadBalancerAutoConfiguration$DeferringLoadBalancerInterceptorConfig' of type [org.springframework.cloud.client.loadbalancer.LoadBalancerAutoConfiguration$DeferringLoadBalancerInterceptorConfig] is not eligible for getting processed by all BeanPostProcessors (for example: not eligible for auto-proxying). The currently created BeanPostProcessor [lbRestClientPostProcessor] is declared through a non-static factory method on that class; consider declaring it as static instead.
2024-11-19 18:05:34 WARN  [restartedMain] o.s.c.s.PostProcessorRegistrationDelegate$BeanPostProcessorChecker - Bean 'deferringLoadBalancerInterceptor' of type [org.springframework.cloud.client.loadbalancer.DeferringLoadBalancerInterceptor] is not eligible for getting processed by all BeanPostProcessors (for example: not eligible for auto-proxying). Is this bean getting eagerly injected into a currently created BeanPostProcessor [lbRestClientPostProcessor]? Check the corresponding BeanPostProcessor declaration and its dependencies.
2024-11-19 18:05:34 WARN  [restartedMain] o.s.c.s.PostProcessorRegistrationDelegate$BeanPostProcessorChecker - Bean 'org.springframework.cloud.client.loadbalancer.reactive.LoadBalancerBeanPostProcessorAutoConfiguration' of type [org.springframework.cloud.client.loadbalancer.reactive.LoadBalancerBeanPostProcessorAutoConfiguration] is not eligible for getting processed by all BeanPostProcessors (for example: not eligible for auto-proxying). The currently created BeanPostProcessor [loadBalancerWebClientBuilderBeanPostProcessor] is declared through a non-static factory method on that class; consider declaring it as static instead.
2024-11-19 18:05:34 WARN  [restartedMain] o.s.c.s.PostProcessorRegistrationDelegate$BeanPostProcessorChecker - Bean 'org.springframework.cloud.client.loadbalancer.reactive.LoadBalancerBeanPostProcessorAutoConfiguration$ReactorDeferringLoadBalancerFilterConfig' of type [org.springframework.cloud.client.loadbalancer.reactive.LoadBalancerBeanPostProcessorAutoConfiguration$ReactorDeferringLoadBalancerFilterConfig] is not eligible for getting processed by all BeanPostProcessors (for example: not eligible for auto-proxying). Is this bean getting eagerly injected into a currently created BeanPostProcessor [loadBalancerWebClientBuilderBeanPostProcessor]? Check the corresponding BeanPostProcessor declaration and its dependencies.
2024-11-19 18:05:34 WARN  [restartedMain] o.s.c.s.PostProcessorRegistrationDelegate$BeanPostProcessorChecker - Bean 'reactorDeferringLoadBalancerExchangeFilterFunction' of type [org.springframework.cloud.client.loadbalancer.reactive.DeferringLoadBalancerExchangeFilterFunction] is not eligible for getting processed by all BeanPostProcessors (for example: not eligible for auto-proxying). Is this bean getting eagerly injected into a currently created BeanPostProcessor [loadBalancerWebClientBuilderBeanPostProcessor]? Check the corresponding BeanPostProcessor declaration and its dependencies.
2024-11-19 18:05:34 INFO  [restartedMain] o.s.b.w.e.tomcat.TomcatWebServer - Tomcat initialized with ports 8444 (https), 8089 (http)
2024-11-19 18:05:34 INFO  [restartedMain] o.a.coyote.http11.Http11NioProtocol - Initializing ProtocolHandler ["https-jsse-nio-8444"]
2024-11-19 18:05:34 INFO  [restartedMain] o.a.coyote.http11.Http11NioProtocol - Initializing ProtocolHandler ["http-nio-8089"]
2024-11-19 18:05:34 INFO  [restartedMain] o.a.catalina.core.StandardService - Starting service [Tomcat]
2024-11-19 18:05:34 INFO  [restartedMain] o.a.catalina.core.StandardEngine - Starting Servlet engine: [Apache Tomcat/10.1.30]
2024-11-19 18:05:35 INFO  [restartedMain] o.apache.jasper.servlet.TldScanner - At least one JAR was scanned for TLDs yet contained no TLDs. Enable debug logging for this logger for a complete list of JARs that were scanned but no TLDs were found in them. Skipping unneeded JARs during scanning can improve startup time and JSP compilation time.
2024-11-19 18:05:35 INFO  [restartedMain] o.a.c.c.C.[Tomcat].[localhost].[/] - Initializing Spring embedded WebApplicationContext
2024-11-19 18:05:35 INFO  [restartedMain] o.s.b.w.s.c.ServletWebServerApplicationContext - Root WebApplicationContext: initialization completed in 2334 ms
2024-11-19 18:05:35 INFO  [restartedMain] com.zaxxer.hikari.HikariDataSource - HikariPool-3 - Starting...
2024-11-19 18:05:35 WARN  [restartedMain] c.z.hikari.util.DriverDataSource - Registered driver with driverClassName=oracle.jdbc.driver.OracleDriver was not found, trying direct instantiation.
2024-11-19 18:05:35 INFO  [restartedMain] com.zaxxer.hikari.pool.HikariPool - HikariPool-3 - Added connection oracle.jdbc.driver.T4CConnection@19093e96
2024-11-19 18:05:35 INFO  [restartedMain] com.zaxxer.hikari.HikariDataSource - HikariPool-3 - Start completed.
2024-11-19 18:05:35 INFO  [restartedMain] o.h.jpa.internal.util.LogHelper - HHH000204: Processing PersistenceUnitInfo [name: default]
2024-11-19 18:05:35 INFO  [restartedMain] o.h.c.i.RegionFactoryInitiator - HHH000026: Second-level cache disabled
2024-11-19 18:05:35 INFO  [restartedMain] o.s.o.j.p.SpringPersistenceUnitInfo - No LoadTimeWeaver setup: ignoring JPA class transformer
2024-11-19 18:05:35 WARN  [restartedMain] org.hibernate.dialect.Dialect - HHH000511: The 18.0.0 version for [org.hibernate.dialect.OracleDialect] is no longer supported, hence certain features may not work properly. The minimum supported version is 19.0.0. Check the community dialects project for available legacy versions.
2024-11-19 18:05:35 INFO  [restartedMain] o.h.e.t.j.p.i.JtaPlatformInitiator - HHH000489: No JTA platform available (set 'hibernate.transaction.jta.platform' to enable JTA platform integration)
2024-11-19 18:05:35 INFO  [restartedMain] o.s.o.j.LocalContainerEntityManagerFactoryBean - Initialized JPA EntityManagerFactory for persistence unit 'default'
2024-11-19 18:05:35 WARN  [restartedMain] o.s.b.a.o.j.JpaBaseConfiguration$JpaWebConfiguration - spring.jpa.open-in-view is enabled by default. Therefore, database queries may be performed during view rendering. Explicitly configure spring.jpa.open-in-view to disable this warning
2024-11-19 18:05:36 INFO  [restartedMain] o.s.b.d.a.OptionalLiveReloadServer - LiveReload server is running on port 35729
2024-11-19 18:05:36 INFO  [restartedMain] o.s.c.n.e.c.DiscoveryClientOptionalArgsConfiguration - Eureka HTTP Client uses RestTemplate.
2024-11-19 18:05:36 WARN  [restartedMain] o.s.c.l.c.LoadBalancerCacheAutoConfiguration$LoadBalancerCaffeineWarnLogger - Spring Cloud LoadBalancer is currently working with the default cache. While this cache implementation is useful for development and tests, it's recommended to use Caffeine cache in production.You can switch to using Caffeine cache, by adding it and org.springframework.cache.caffeine.CaffeineCacheManager to the classpath.
2024-11-19 18:05:36 INFO  [restartedMain] o.s.c.n.eureka.InstanceInfoFactory - Setting initial instance status as: STARTING
2024-11-19 18:05:36 INFO  [restartedMain] c.netflix.discovery.DiscoveryClient - Initializing Eureka in region us-east-1
2024-11-19 18:05:36 INFO  [restartedMain] c.n.d.s.r.aws.ConfigClusterResolver - Resolving eureka endpoints via configuration
2024-11-19 18:05:36 INFO  [restartedMain] c.netflix.discovery.DiscoveryClient - Disable delta property : false
2024-11-19 18:05:36 INFO  [restartedMain] c.netflix.discovery.DiscoveryClient - Single vip registry refresh property : null
2024-11-19 18:05:36 INFO  [restartedMain] c.netflix.discovery.DiscoveryClient - Force full registry fetch : false
2024-11-19 18:05:36 INFO  [restartedMain] c.netflix.discovery.DiscoveryClient - Application is null : false
2024-11-19 18:05:36 INFO  [restartedMain] c.netflix.discovery.DiscoveryClient - Registered Applications size is zero : true
2024-11-19 18:05:36 INFO  [restartedMain] c.netflix.discovery.DiscoveryClient - Application version is -1: true
2024-11-19 18:05:36 INFO  [restartedMain] c.netflix.discovery.DiscoveryClient - Getting all instance registry info from the eureka server
2024-11-19 18:05:36 INFO  [restartedMain] c.netflix.discovery.DiscoveryClient - The response status is 200
2024-11-19 18:05:36 INFO  [restartedMain] c.netflix.discovery.DiscoveryClient - Starting heartbeat executor: renew interval is: 30
2024-11-19 18:05:36 INFO  [restartedMain] c.n.discovery.InstanceInfoReplicator - InstanceInfoReplicator onDemand update allowed rate per min is 4
2024-11-19 18:05:36 INFO  [restartedMain] c.netflix.discovery.DiscoveryClient - Discovery Client initialized at timestamp 1732007136516 with initial instances count: 2
2024-11-19 18:05:36 INFO  [restartedMain] o.s.c.n.e.s.EurekaServiceRegistry - Registering application HOTEL_MAIN with eureka with status UP
2024-11-19 18:05:36 INFO  [restartedMain] c.netflix.discovery.DiscoveryClient - Saw local status change event StatusChangeEvent [timestamp=1732007136526, current=UP, previous=STARTING]
2024-11-19 18:05:36 INFO  [DiscoveryClient-InstanceInfoReplicator-%d] c.netflix.discovery.DiscoveryClient - DiscoveryClient_HOTEL_MAIN/DESKTOP-1NHIHPT:hotel_main:8444: registering service...
2024-11-19 18:05:36 INFO  [restartedMain] o.a.coyote.http11.Http11NioProtocol - Starting ProtocolHandler ["https-jsse-nio-8444"]
2024-11-19 18:05:36 INFO  [DiscoveryClient-InstanceInfoReplicator-%d] c.netflix.discovery.DiscoveryClient - DiscoveryClient_HOTEL_MAIN/DESKTOP-1NHIHPT:hotel_main:8444 - registration status: 204
2024-11-19 18:05:36 INFO  [restartedMain] o.a.t.u.net.NioEndpoint.certificate - Connector [https-jsse-nio-8444], TLS virtual host [_default_], certificate type [UNDEFINED] configured from keystore [C:\Users\user\.keystore] using alias [mylocalcert] with trust store [null]
2024-11-19 18:05:36 INFO  [restartedMain] o.a.coyote.http11.Http11NioProtocol - Starting ProtocolHandler ["http-nio-8089"]
2024-11-19 18:05:36 INFO  [restartedMain] o.s.b.w.e.tomcat.TomcatWebServer - Tomcat started on ports 8444 (https), 8089 (http) with context path '/'
2024-11-19 18:05:36 INFO  [restartedMain] o.s.c.n.e.s.EurekaAutoServiceRegistration - Updating port to 8444
2024-11-19 18:05:36 INFO  [restartedMain] c.e.demo.Project3copy2Application - Started Project3copy2Application in 4.256 seconds (process running for 915.146)
2024-11-19 18:05:36 INFO  [restartedMain] o.s.b.d.a.ConditionEvaluationDeltaLoggingListener - Condition evaluation unchanged
2024-11-19 18:05:40 INFO  [https-jsse-nio-8444-exec-1] o.a.c.c.C.[Tomcat].[localhost].[/] - Initializing Spring DispatcherServlet 'dispatcherServlet'
2024-11-19 18:05:40 INFO  [https-jsse-nio-8444-exec-1] o.s.web.servlet.DispatcherServlet - Initializing Servlet 'dispatcherServlet'
2024-11-19 18:05:40 INFO  [https-jsse-nio-8444-exec-1] o.s.web.servlet.DispatcherServlet - Completed initialization in 2 ms
2024-11-19 18:05:41 WARN  [https-jsse-nio-8444-exec-6] o.s.w.s.m.m.a.ExceptionHandlerExceptionResolver - Resolved [org.springframework.web.servlet.resource.NoResourceFoundException: No static resource image/%EB%A9%94%EC%9D%B8%EB%A1%9C%EA%B3%A0.png.]
2024-11-19 18:05:43 WARN  [https-jsse-nio-8444-exec-8] o.s.w.s.m.m.a.ExceptionHandlerExceptionResolver - Resolved [org.springframework.web.servlet.resource.NoResourceFoundException: No static resource image/%EB%A9%94%EC%9D%B8%EB%A1%9C%EA%B3%A0.png.]
2024-11-19 18:05:47 WARN  [https-jsse-nio-8444-exec-5] o.s.w.s.m.m.a.ExceptionHandlerExceptionResolver - Resolved [org.springframework.web.servlet.resource.NoResourceFoundException: No static resource image/%EB%A9%94%EC%9D%B8%EB%A1%9C%EA%B3%A0.png.]
2024-11-19 18:05:53 WARN  [https-jsse-nio-8444-exec-8] o.s.w.s.m.m.a.ExceptionHandlerExceptionResolver - Resolved [org.springframework.web.servlet.resource.NoResourceFoundException: No static resource image/%EB%A9%94%EC%9D%B8%EB%A1%9C%EA%B3%A0.png.]
2024-11-19 18:05:55 WARN  [https-jsse-nio-8444-exec-9] o.s.w.s.m.m.a.ExceptionHandlerExceptionResolver - Resolved [org.springframework.web.servlet.resource.NoResourceFoundException: No static resource image/%EB%A9%94%EC%9D%B8%EB%A1%9C%EA%B3%A0.png.]
2024-11-19 18:05:57 WARN  [https-jsse-nio-8444-exec-2] o.s.w.s.m.m.a.ExceptionHandlerExceptionResolver - Resolved [org.springframework.web.servlet.resource.NoResourceFoundException: No static resource image/%EB%A9%94%EC%9D%B8%EB%A1%9C%EA%B3%A0.png.]
2024-11-19 18:06:20 WARN  [https-jsse-nio-8444-exec-6] o.s.w.s.m.m.a.ExceptionHandlerExceptionResolver - Resolved [org.springframework.web.servlet.resource.NoResourceFoundException: No static resource image/%EB%A9%94%EC%9D%B8%EB%A1%9C%EA%B3%A0.png.]
